{"C:\\Users\\oseim\\OneDrive\\Documents\\BYUCLONE\\plastic-manufacturing-api\\controllers\\employees.js": {"path":"C:\\Users\\oseim\\OneDrive\\Documents\\BYUCLONE\\plastic-manufacturing-api\\controllers\\employees.js","statementMap":{"0":{"start":{"line":1,"column":17},"end":{"line":1,"column":46}},"1":{"start":{"line":4,"column":24},"end":{"line":14,"column":1}},"2":{"start":{"line":5,"column":2},"end":{"line":13,"column":3}},"3":{"start":{"line":6,"column":22},"end":{"line":8,"column":42}},"4":{"start":{"line":9,"column":4},"end":{"line":9,"column":36}},"5":{"start":{"line":11,"column":4},"end":{"line":11,"column":54}},"6":{"start":{"line":12,"column":4},"end":{"line":12,"column":65}},"7":{"start":{"line":17,"column":24},"end":{"line":31,"column":1}},"8":{"start":{"line":18,"column":2},"end":{"line":30,"column":3}},"9":{"start":{"line":19,"column":21},"end":{"line":20,"column":59}},"10":{"start":{"line":22,"column":4},"end":{"line":24,"column":5}},"11":{"start":{"line":23,"column":6},"end":{"line":23,"column":67}},"12":{"start":{"line":26,"column":4},"end":{"line":26,"column":35}},"13":{"start":{"line":28,"column":4},"end":{"line":28,"column":53}},"14":{"start":{"line":29,"column":4},"end":{"line":29,"column":64}},"15":{"start":{"line":34,"column":23},"end":{"line":58,"column":1}},"16":{"start":{"line":35,"column":2},"end":{"line":57,"column":3}},"17":{"start":{"line":36,"column":21},"end":{"line":36,"column":43}},"18":{"start":{"line":37,"column":4},"end":{"line":37,"column":26}},"19":{"start":{"line":38,"column":4},"end":{"line":38,"column":35}},"20":{"start":{"line":40,"column":4},"end":{"line":40,"column":53}},"21":{"start":{"line":42,"column":4},"end":{"line":47,"column":5}},"22":{"start":{"line":43,"column":6},"end":{"line":46,"column":9}},"23":{"start":{"line":49,"column":4},"end":{"line":54,"column":5}},"24":{"start":{"line":50,"column":6},"end":{"line":53,"column":9}},"25":{"start":{"line":56,"column":4},"end":{"line":56,"column":65}},"26":{"start":{"line":61,"column":23},"end":{"line":94,"column":1}},"27":{"start":{"line":62,"column":2},"end":{"line":93,"column":3}},"28":{"start":{"line":63,"column":20},"end":{"line":63,"column":28}},"29":{"start":{"line":64,"column":21},"end":{"line":68,"column":58}},"30":{"start":{"line":70,"column":4},"end":{"line":72,"column":5}},"31":{"start":{"line":71,"column":6},"end":{"line":71,"column":67}},"32":{"start":{"line":74,"column":4},"end":{"line":74,"column":35}},"33":{"start":{"line":76,"column":4},"end":{"line":76,"column":53}},"34":{"start":{"line":78,"column":4},"end":{"line":83,"column":5}},"35":{"start":{"line":79,"column":6},"end":{"line":82,"column":9}},"36":{"start":{"line":85,"column":4},"end":{"line":90,"column":5}},"37":{"start":{"line":86,"column":6},"end":{"line":89,"column":9}},"38":{"start":{"line":92,"column":4},"end":{"line":92,"column":65}},"39":{"start":{"line":97,"column":23},"end":{"line":113,"column":1}},"40":{"start":{"line":98,"column":2},"end":{"line":112,"column":3}},"41":{"start":{"line":99,"column":21},"end":{"line":99,"column":68}},"42":{"start":{"line":101,"column":4},"end":{"line":103,"column":5}},"43":{"start":{"line":102,"column":6},"end":{"line":102,"column":67}},"44":{"start":{"line":105,"column":4},"end":{"line":108,"column":7}},"45":{"start":{"line":110,"column":4},"end":{"line":110,"column":53}},"46":{"start":{"line":111,"column":4},"end":{"line":111,"column":65}},"47":{"start":{"line":116,"column":33},"end":{"line":128,"column":1}},"48":{"start":{"line":117,"column":2},"end":{"line":127,"column":3}},"49":{"start":{"line":118,"column":27},"end":{"line":118,"column":37}},"50":{"start":{"line":119,"column":22},"end":{"line":121,"column":28}},"51":{"start":{"line":123,"column":4},"end":{"line":123,"column":36}},"52":{"start":{"line":125,"column":4},"end":{"line":125,"column":68}},"53":{"start":{"line":126,"column":4},"end":{"line":126,"column":65}},"54":{"start":{"line":131,"column":27},"end":{"line":142,"column":1}},"55":{"start":{"line":132,"column":2},"end":{"line":141,"column":3}},"56":{"start":{"line":133,"column":22},"end":{"line":135,"column":42}},"57":{"start":{"line":137,"column":4},"end":{"line":137,"column":36}},"58":{"start":{"line":139,"column":4},"end":{"line":139,"column":61}},"59":{"start":{"line":140,"column":4},"end":{"line":140,"column":72}},"60":{"start":{"line":144,"column":0},"end":{"line":152,"column":2}}},"fnMap":{"0":{"name":"(anonymous_0)","decl":{"start":{"line":4,"column":24},"end":{"line":4,"column":25}},"loc":{"start":{"line":4,"column":44},"end":{"line":14,"column":1}},"line":4},"1":{"name":"(anonymous_1)","decl":{"start":{"line":17,"column":24},"end":{"line":17,"column":25}},"loc":{"start":{"line":17,"column":44},"end":{"line":31,"column":1}},"line":17},"2":{"name":"(anonymous_2)","decl":{"start":{"line":34,"column":23},"end":{"line":34,"column":24}},"loc":{"start":{"line":34,"column":43},"end":{"line":58,"column":1}},"line":34},"3":{"name":"(anonymous_3)","decl":{"start":{"line":61,"column":23},"end":{"line":61,"column":24}},"loc":{"start":{"line":61,"column":43},"end":{"line":94,"column":1}},"line":61},"4":{"name":"(anonymous_4)","decl":{"start":{"line":97,"column":23},"end":{"line":97,"column":24}},"loc":{"start":{"line":97,"column":43},"end":{"line":113,"column":1}},"line":97},"5":{"name":"(anonymous_5)","decl":{"start":{"line":116,"column":33},"end":{"line":116,"column":34}},"loc":{"start":{"line":116,"column":53},"end":{"line":128,"column":1}},"line":116},"6":{"name":"(anonymous_6)","decl":{"start":{"line":131,"column":27},"end":{"line":131,"column":28}},"loc":{"start":{"line":131,"column":47},"end":{"line":142,"column":1}},"line":131}},"branchMap":{"0":{"loc":{"start":{"line":22,"column":4},"end":{"line":24,"column":5}},"type":"if","locations":[{"start":{"line":22,"column":4},"end":{"line":24,"column":5}},{"start":{},"end":{}}],"line":22},"1":{"loc":{"start":{"line":42,"column":4},"end":{"line":47,"column":5}},"type":"if","locations":[{"start":{"line":42,"column":4},"end":{"line":47,"column":5}},{"start":{},"end":{}}],"line":42},"2":{"loc":{"start":{"line":49,"column":4},"end":{"line":54,"column":5}},"type":"if","locations":[{"start":{"line":49,"column":4},"end":{"line":54,"column":5}},{"start":{},"end":{}}],"line":49},"3":{"loc":{"start":{"line":70,"column":4},"end":{"line":72,"column":5}},"type":"if","locations":[{"start":{"line":70,"column":4},"end":{"line":72,"column":5}},{"start":{},"end":{}}],"line":70},"4":{"loc":{"start":{"line":78,"column":4},"end":{"line":83,"column":5}},"type":"if","locations":[{"start":{"line":78,"column":4},"end":{"line":83,"column":5}},{"start":{},"end":{}}],"line":78},"5":{"loc":{"start":{"line":85,"column":4},"end":{"line":90,"column":5}},"type":"if","locations":[{"start":{"line":85,"column":4},"end":{"line":90,"column":5}},{"start":{},"end":{}}],"line":85},"6":{"loc":{"start":{"line":101,"column":4},"end":{"line":103,"column":5}},"type":"if","locations":[{"start":{"line":101,"column":4},"end":{"line":103,"column":5}},{"start":{},"end":{}}],"line":101}},"s":{"0":0,"1":0,"2":0,"3":0,"4":0,"5":0,"6":0,"7":0,"8":0,"9":0,"10":0,"11":0,"12":0,"13":0,"14":0,"15":0,"16":0,"17":0,"18":0,"19":0,"20":0,"21":0,"22":0,"23":0,"24":0,"25":0,"26":0,"27":0,"28":0,"29":0,"30":0,"31":0,"32":0,"33":0,"34":0,"35":0,"36":0,"37":0,"38":0,"39":0,"40":0,"41":0,"42":0,"43":0,"44":0,"45":0,"46":0,"47":0,"48":0,"49":0,"50":0,"51":0,"52":0,"53":0,"54":0,"55":0,"56":0,"57":0,"58":0,"59":0,"60":0},"f":{"0":0,"1":0,"2":0,"3":0,"4":0,"5":0,"6":0},"b":{"0":[0,0],"1":[0,0],"2":[0,0],"3":[0,0],"4":[0,0],"5":[0,0],"6":[0,0]}}
,"C:\\Users\\oseim\\OneDrive\\Documents\\BYUCLONE\\plastic-manufacturing-api\\controllers\\qualityChecks.js": {"path":"C:\\Users\\oseim\\OneDrive\\Documents\\BYUCLONE\\plastic-manufacturing-api\\controllers\\qualityChecks.js","statementMap":{"0":{"start":{"line":1,"column":21},"end":{"line":1,"column":54}},"1":{"start":{"line":2,"column":22},"end":{"line":2,"column":56}},"2":{"start":{"line":3,"column":16},"end":{"line":3,"column":44}},"3":{"start":{"line":4,"column":17},"end":{"line":4,"column":46}},"4":{"start":{"line":7,"column":28},"end":{"line":32,"column":1}},"5":{"start":{"line":8,"column":2},"end":{"line":31,"column":3}},"6":{"start":{"line":9,"column":54},"end":{"line":9,"column":63}},"7":{"start":{"line":10,"column":17},"end":{"line":10,"column":19}},"8":{"start":{"line":12,"column":4},"end":{"line":16,"column":5}},"9":{"start":{"line":13,"column":6},"end":{"line":13,"column":28}},"10":{"start":{"line":14,"column":6},"end":{"line":14,"column":65}},"11":{"start":{"line":14,"column":21},"end":{"line":14,"column":65}},"12":{"start":{"line":15,"column":6},"end":{"line":15,"column":61}},"13":{"start":{"line":15,"column":19},"end":{"line":15,"column":61}},"14":{"start":{"line":18,"column":4},"end":{"line":18,"column":39}},"15":{"start":{"line":18,"column":16},"end":{"line":18,"column":39}},"16":{"start":{"line":19,"column":4},"end":{"line":19,"column":48}},"17":{"start":{"line":19,"column":19},"end":{"line":19,"column":48}},"18":{"start":{"line":21,"column":26},"end":{"line":25,"column":30}},"19":{"start":{"line":27,"column":4},"end":{"line":27,"column":40}},"20":{"start":{"line":29,"column":4},"end":{"line":29,"column":59}},"21":{"start":{"line":30,"column":4},"end":{"line":30,"column":70}},"22":{"start":{"line":35,"column":28},"end":{"line":51,"column":1}},"23":{"start":{"line":36,"column":2},"end":{"line":50,"column":3}},"24":{"start":{"line":37,"column":25},"end":{"line":40,"column":73}},"25":{"start":{"line":42,"column":4},"end":{"line":44,"column":5}},"26":{"start":{"line":43,"column":6},"end":{"line":43,"column":72}},"27":{"start":{"line":46,"column":4},"end":{"line":46,"column":39}},"28":{"start":{"line":48,"column":4},"end":{"line":48,"column":58}},"29":{"start":{"line":49,"column":4},"end":{"line":49,"column":69}},"30":{"start":{"line":54,"column":27},"end":{"line":104,"column":1}},"31":{"start":{"line":55,"column":2},"end":{"line":103,"column":3}},"32":{"start":{"line":57,"column":47},"end":{"line":61,"column":6}},"33":{"start":{"line":63,"column":4},"end":{"line":65,"column":5}},"34":{"start":{"line":64,"column":6},"end":{"line":64,"column":74}},"35":{"start":{"line":67,"column":4},"end":{"line":69,"column":5}},"36":{"start":{"line":68,"column":6},"end":{"line":68,"column":67}},"37":{"start":{"line":71,"column":4},"end":{"line":73,"column":5}},"38":{"start":{"line":72,"column":6},"end":{"line":72,"column":68}},"39":{"start":{"line":75,"column":25},"end":{"line":75,"column":51}},"40":{"start":{"line":76,"column":4},"end":{"line":76,"column":30}},"41":{"start":{"line":79,"column":27},"end":{"line":82,"column":51}},"42":{"start":{"line":84,"column":4},"end":{"line":84,"column":41}},"43":{"start":{"line":86,"column":4},"end":{"line":86,"column":58}},"44":{"start":{"line":88,"column":4},"end":{"line":93,"column":5}},"45":{"start":{"line":89,"column":6},"end":{"line":92,"column":9}},"46":{"start":{"line":95,"column":4},"end":{"line":100,"column":5}},"47":{"start":{"line":96,"column":6},"end":{"line":99,"column":9}},"48":{"start":{"line":102,"column":4},"end":{"line":102,"column":70}},"49":{"start":{"line":107,"column":27},"end":{"line":166,"column":1}},"50":{"start":{"line":108,"column":2},"end":{"line":165,"column":3}},"51":{"start":{"line":109,"column":20},"end":{"line":109,"column":28}},"52":{"start":{"line":112,"column":4},"end":{"line":117,"column":5}},"53":{"start":{"line":113,"column":28},"end":{"line":113,"column":81}},"54":{"start":{"line":114,"column":6},"end":{"line":116,"column":7}},"55":{"start":{"line":115,"column":8},"end":{"line":115,"column":76}},"56":{"start":{"line":119,"column":4},"end":{"line":124,"column":5}},"57":{"start":{"line":120,"column":22},"end":{"line":120,"column":63}},"58":{"start":{"line":121,"column":6},"end":{"line":123,"column":7}},"59":{"start":{"line":122,"column":8},"end":{"line":122,"column":69}},"60":{"start":{"line":126,"column":4},"end":{"line":131,"column":5}},"61":{"start":{"line":127,"column":23},"end":{"line":127,"column":66}},"62":{"start":{"line":128,"column":6},"end":{"line":130,"column":7}},"63":{"start":{"line":129,"column":8},"end":{"line":129,"column":70}},"64":{"start":{"line":133,"column":25},"end":{"line":140,"column":51}},"65":{"start":{"line":142,"column":4},"end":{"line":144,"column":5}},"66":{"start":{"line":143,"column":6},"end":{"line":143,"column":72}},"67":{"start":{"line":146,"column":4},"end":{"line":146,"column":39}},"68":{"start":{"line":148,"column":4},"end":{"line":148,"column":58}},"69":{"start":{"line":150,"column":4},"end":{"line":155,"column":5}},"70":{"start":{"line":151,"column":6},"end":{"line":154,"column":9}},"71":{"start":{"line":157,"column":4},"end":{"line":162,"column":5}},"72":{"start":{"line":158,"column":6},"end":{"line":161,"column":9}},"73":{"start":{"line":164,"column":4},"end":{"line":164,"column":70}},"74":{"start":{"line":169,"column":27},"end":{"line":185,"column":1}},"75":{"start":{"line":170,"column":2},"end":{"line":184,"column":3}},"76":{"start":{"line":171,"column":25},"end":{"line":171,"column":76}},"77":{"start":{"line":173,"column":4},"end":{"line":175,"column":5}},"78":{"start":{"line":174,"column":6},"end":{"line":174,"column":72}},"79":{"start":{"line":177,"column":4},"end":{"line":180,"column":7}},"80":{"start":{"line":182,"column":4},"end":{"line":182,"column":58}},"81":{"start":{"line":183,"column":4},"end":{"line":183,"column":70}},"82":{"start":{"line":188,"column":33},"end":{"line":202,"column":1}},"83":{"start":{"line":189,"column":2},"end":{"line":201,"column":3}},"84":{"start":{"line":190,"column":23},"end":{"line":190,"column":33}},"85":{"start":{"line":191,"column":26},"end":{"line":195,"column":30}},"86":{"start":{"line":197,"column":4},"end":{"line":197,"column":40}},"87":{"start":{"line":199,"column":4},"end":{"line":199,"column":69}},"88":{"start":{"line":200,"column":4},"end":{"line":200,"column":70}},"89":{"start":{"line":205,"column":31},"end":{"line":220,"column":1}},"90":{"start":{"line":206,"column":2},"end":{"line":219,"column":3}},"91":{"start":{"line":207,"column":18},"end":{"line":207,"column":49}},"92":{"start":{"line":208,"column":26},"end":{"line":213,"column":19}},"93":{"start":{"line":215,"column":4},"end":{"line":215,"column":40}},"94":{"start":{"line":217,"column":4},"end":{"line":217,"column":66}},"95":{"start":{"line":218,"column":4},"end":{"line":218,"column":77}},"96":{"start":{"line":222,"column":0},"end":{"line":230,"column":2}}},"fnMap":{"0":{"name":"(anonymous_0)","decl":{"start":{"line":7,"column":28},"end":{"line":7,"column":29}},"loc":{"start":{"line":7,"column":48},"end":{"line":32,"column":1}},"line":7},"1":{"name":"(anonymous_1)","decl":{"start":{"line":35,"column":28},"end":{"line":35,"column":29}},"loc":{"start":{"line":35,"column":48},"end":{"line":51,"column":1}},"line":35},"2":{"name":"(anonymous_2)","decl":{"start":{"line":54,"column":27},"end":{"line":54,"column":28}},"loc":{"start":{"line":54,"column":47},"end":{"line":104,"column":1}},"line":54},"3":{"name":"(anonymous_3)","decl":{"start":{"line":107,"column":27},"end":{"line":107,"column":28}},"loc":{"start":{"line":107,"column":47},"end":{"line":166,"column":1}},"line":107},"4":{"name":"(anonymous_4)","decl":{"start":{"line":169,"column":27},"end":{"line":169,"column":28}},"loc":{"start":{"line":169,"column":47},"end":{"line":185,"column":1}},"line":169},"5":{"name":"(anonymous_5)","decl":{"start":{"line":188,"column":33},"end":{"line":188,"column":34}},"loc":{"start":{"line":188,"column":53},"end":{"line":202,"column":1}},"line":188},"6":{"name":"(anonymous_6)","decl":{"start":{"line":205,"column":31},"end":{"line":205,"column":32}},"loc":{"start":{"line":205,"column":51},"end":{"line":220,"column":1}},"line":205}},"branchMap":{"0":{"loc":{"start":{"line":12,"column":4},"end":{"line":16,"column":5}},"type":"if","locations":[{"start":{"line":12,"column":4},"end":{"line":16,"column":5}},{"start":{},"end":{}}],"line":12},"1":{"loc":{"start":{"line":12,"column":8},"end":{"line":12,"column":28}},"type":"binary-expr","locations":[{"start":{"line":12,"column":8},"end":{"line":12,"column":17}},{"start":{"line":12,"column":21},"end":{"line":12,"column":28}}],"line":12},"2":{"loc":{"start":{"line":14,"column":6},"end":{"line":14,"column":65}},"type":"if","locations":[{"start":{"line":14,"column":6},"end":{"line":14,"column":65}},{"start":{},"end":{}}],"line":14},"3":{"loc":{"start":{"line":15,"column":6},"end":{"line":15,"column":61}},"type":"if","locations":[{"start":{"line":15,"column":6},"end":{"line":15,"column":61}},{"start":{},"end":{}}],"line":15},"4":{"loc":{"start":{"line":18,"column":4},"end":{"line":18,"column":39}},"type":"if","locations":[{"start":{"line":18,"column":4},"end":{"line":18,"column":39}},{"start":{},"end":{}}],"line":18},"5":{"loc":{"start":{"line":19,"column":4},"end":{"line":19,"column":48}},"type":"if","locations":[{"start":{"line":19,"column":4},"end":{"line":19,"column":48}},{"start":{},"end":{}}],"line":19},"6":{"loc":{"start":{"line":42,"column":4},"end":{"line":44,"column":5}},"type":"if","locations":[{"start":{"line":42,"column":4},"end":{"line":44,"column":5}},{"start":{},"end":{}}],"line":42},"7":{"loc":{"start":{"line":63,"column":4},"end":{"line":65,"column":5}},"type":"if","locations":[{"start":{"line":63,"column":4},"end":{"line":65,"column":5}},{"start":{},"end":{}}],"line":63},"8":{"loc":{"start":{"line":67,"column":4},"end":{"line":69,"column":5}},"type":"if","locations":[{"start":{"line":67,"column":4},"end":{"line":69,"column":5}},{"start":{},"end":{}}],"line":67},"9":{"loc":{"start":{"line":71,"column":4},"end":{"line":73,"column":5}},"type":"if","locations":[{"start":{"line":71,"column":4},"end":{"line":73,"column":5}},{"start":{},"end":{}}],"line":71},"10":{"loc":{"start":{"line":88,"column":4},"end":{"line":93,"column":5}},"type":"if","locations":[{"start":{"line":88,"column":4},"end":{"line":93,"column":5}},{"start":{},"end":{}}],"line":88},"11":{"loc":{"start":{"line":95,"column":4},"end":{"line":100,"column":5}},"type":"if","locations":[{"start":{"line":95,"column":4},"end":{"line":100,"column":5}},{"start":{},"end":{}}],"line":95},"12":{"loc":{"start":{"line":112,"column":4},"end":{"line":117,"column":5}},"type":"if","locations":[{"start":{"line":112,"column":4},"end":{"line":117,"column":5}},{"start":{},"end":{}}],"line":112},"13":{"loc":{"start":{"line":114,"column":6},"end":{"line":116,"column":7}},"type":"if","locations":[{"start":{"line":114,"column":6},"end":{"line":116,"column":7}},{"start":{},"end":{}}],"line":114},"14":{"loc":{"start":{"line":119,"column":4},"end":{"line":124,"column":5}},"type":"if","locations":[{"start":{"line":119,"column":4},"end":{"line":124,"column":5}},{"start":{},"end":{}}],"line":119},"15":{"loc":{"start":{"line":121,"column":6},"end":{"line":123,"column":7}},"type":"if","locations":[{"start":{"line":121,"column":6},"end":{"line":123,"column":7}},{"start":{},"end":{}}],"line":121},"16":{"loc":{"start":{"line":126,"column":4},"end":{"line":131,"column":5}},"type":"if","locations":[{"start":{"line":126,"column":4},"end":{"line":131,"column":5}},{"start":{},"end":{}}],"line":126},"17":{"loc":{"start":{"line":128,"column":6},"end":{"line":130,"column":7}},"type":"if","locations":[{"start":{"line":128,"column":6},"end":{"line":130,"column":7}},{"start":{},"end":{}}],"line":128},"18":{"loc":{"start":{"line":142,"column":4},"end":{"line":144,"column":5}},"type":"if","locations":[{"start":{"line":142,"column":4},"end":{"line":144,"column":5}},{"start":{},"end":{}}],"line":142},"19":{"loc":{"start":{"line":150,"column":4},"end":{"line":155,"column":5}},"type":"if","locations":[{"start":{"line":150,"column":4},"end":{"line":155,"column":5}},{"start":{},"end":{}}],"line":150},"20":{"loc":{"start":{"line":157,"column":4},"end":{"line":162,"column":5}},"type":"if","locations":[{"start":{"line":157,"column":4},"end":{"line":162,"column":5}},{"start":{},"end":{}}],"line":157},"21":{"loc":{"start":{"line":173,"column":4},"end":{"line":175,"column":5}},"type":"if","locations":[{"start":{"line":173,"column":4},"end":{"line":175,"column":5}},{"start":{},"end":{}}],"line":173},"22":{"loc":{"start":{"line":207,"column":18},"end":{"line":207,"column":49}},"type":"binary-expr","locations":[{"start":{"line":207,"column":18},"end":{"line":207,"column":43}},{"start":{"line":207,"column":47},"end":{"line":207,"column":49}}],"line":207}},"s":{"0":1,"1":1,"2":1,"3":1,"4":1,"5":0,"6":0,"7":0,"8":0,"9":0,"10":0,"11":0,"12":0,"13":0,"14":0,"15":0,"16":0,"17":0,"18":0,"19":0,"20":0,"21":0,"22":1,"23":0,"24":0,"25":0,"26":0,"27":0,"28":0,"29":0,"30":1,"31":0,"32":0,"33":0,"34":0,"35":0,"36":0,"37":0,"38":0,"39":0,"40":0,"41":0,"42":0,"43":0,"44":0,"45":0,"46":0,"47":0,"48":0,"49":1,"50":0,"51":0,"52":0,"53":0,"54":0,"55":0,"56":0,"57":0,"58":0,"59":0,"60":0,"61":0,"62":0,"63":0,"64":0,"65":0,"66":0,"67":0,"68":0,"69":0,"70":0,"71":0,"72":0,"73":0,"74":1,"75":0,"76":0,"77":0,"78":0,"79":0,"80":0,"81":0,"82":1,"83":0,"84":0,"85":0,"86":0,"87":0,"88":0,"89":1,"90":0,"91":0,"92":0,"93":0,"94":0,"95":0,"96":1},"f":{"0":0,"1":0,"2":0,"3":0,"4":0,"5":0,"6":0},"b":{"0":[0,0],"1":[0,0],"2":[0,0],"3":[0,0],"4":[0,0],"5":[0,0],"6":[0,0],"7":[0,0],"8":[0,0],"9":[0,0],"10":[0,0],"11":[0,0],"12":[0,0],"13":[0,0],"14":[0,0],"15":[0,0],"16":[0,0],"17":[0,0],"18":[0,0],"19":[0,0],"20":[0,0],"21":[0,0],"22":[0,0]},"_coverageSchema":"1a1c01bbd47fc00a2c39e90264f33305004495a9","hash":"23a4673ae1f1d7ef6865206ae7855d65ab67234b"}
,"C:\\Users\\oseim\\OneDrive\\Documents\\BYUCLONE\\plastic-manufacturing-api\\models\\employee.js": {"path":"C:\\Users\\oseim\\OneDrive\\Documents\\BYUCLONE\\plastic-manufacturing-api\\models\\employee.js","statementMap":{"0":{"start":{"line":1,"column":17},"end":{"line":1,"column":36}},"1":{"start":{"line":3,"column":23},"end":{"line":64,"column":2}},"2":{"start":{"line":66,"column":0},"end":{"line":66,"column":60}}},"fnMap":{},"branchMap":{},"s":{"0":1,"1":1,"2":1},"f":{},"b":{},"_coverageSchema":"1a1c01bbd47fc00a2c39e90264f33305004495a9","hash":"78af312d85467afd2cc9ff3dcc6a0aa8165da872"}
,"C:\\Users\\oseim\\OneDrive\\Documents\\BYUCLONE\\plastic-manufacturing-api\\models\\machine.js": {"path":"C:\\Users\\oseim\\OneDrive\\Documents\\BYUCLONE\\plastic-manufacturing-api\\models\\machine.js","statementMap":{"0":{"start":{"line":1,"column":17},"end":{"line":1,"column":36}},"1":{"start":{"line":3,"column":22},"end":{"line":25,"column":2}},"2":{"start":{"line":27,"column":0},"end":{"line":27,"column":58}}},"fnMap":{},"branchMap":{},"s":{"0":1,"1":1,"2":1},"f":{},"b":{},"_coverageSchema":"1a1c01bbd47fc00a2c39e90264f33305004495a9","hash":"d8fd86d65138e4353f3d1800d274e38d1e7835bb"}
,"C:\\Users\\oseim\\OneDrive\\Documents\\BYUCLONE\\plastic-manufacturing-api\\models\\productionRun.js": {"path":"C:\\Users\\oseim\\OneDrive\\Documents\\BYUCLONE\\plastic-manufacturing-api\\models\\productionRun.js","statementMap":{"0":{"start":{"line":1,"column":17},"end":{"line":1,"column":36}},"1":{"start":{"line":3,"column":28},"end":{"line":49,"column":2}},"2":{"start":{"line":51,"column":0},"end":{"line":51,"column":70}}},"fnMap":{},"branchMap":{},"s":{"0":1,"1":1,"2":1},"f":{},"b":{},"_coverageSchema":"1a1c01bbd47fc00a2c39e90264f33305004495a9","hash":"43c5ce0f0c825f0e50f4d831c811c8f970fc6811"}
,"C:\\Users\\oseim\\OneDrive\\Documents\\BYUCLONE\\plastic-manufacturing-api\\models\\qualityCheck.js": {"path":"C:\\Users\\oseim\\OneDrive\\Documents\\BYUCLONE\\plastic-manufacturing-api\\models\\qualityCheck.js","statementMap":{"0":{"start":{"line":1,"column":17},"end":{"line":1,"column":36}},"1":{"start":{"line":3,"column":27},"end":{"line":69,"column":2}},"2":{"start":{"line":71,"column":0},"end":{"line":71,"column":68}}},"fnMap":{},"branchMap":{},"s":{"0":1,"1":1,"2":1},"f":{},"b":{},"_coverageSchema":"1a1c01bbd47fc00a2c39e90264f33305004495a9","hash":"15279b6e7ebe656214f847655787b779083db7ff"}
,"C:\\Users\\oseim\\OneDrive\\Documents\\BYUCLONE\\plastic-manufacturing-api\\routes\\auth.js": {"path":"C:\\Users\\oseim\\OneDrive\\Documents\\BYUCLONE\\plastic-manufacturing-api\\routes\\auth.js","statementMap":{"0":{"start":{"line":1,"column":16},"end":{"line":1,"column":34}},"1":{"start":{"line":2,"column":15},"end":{"line":2,"column":31}},"2":{"start":{"line":3,"column":17},"end":{"line":3,"column":36}},"3":{"start":{"line":16,"column":0},"end":{"line":18,"column":2}},"4":{"start":{"line":31,"column":0},"end":{"line":37,"column":2}},"5":{"start":{"line":35,"column":4},"end":{"line":35,"column":34}},"6":{"start":{"line":61,"column":0},"end":{"line":79,"column":3}},"7":{"start":{"line":62,"column":2},"end":{"line":78,"column":3}},"8":{"start":{"line":63,"column":4},"end":{"line":72,"column":7}},"9":{"start":{"line":74,"column":4},"end":{"line":77,"column":7}},"10":{"start":{"line":92,"column":0},"end":{"line":97,"column":3}},"11":{"start":{"line":93,"column":2},"end":{"line":96,"column":5}},"12":{"start":{"line":110,"column":0},"end":{"line":121,"column":3}},"13":{"start":{"line":111,"column":2},"end":{"line":120,"column":5}},"14":{"start":{"line":112,"column":4},"end":{"line":114,"column":5}},"15":{"start":{"line":113,"column":6},"end":{"line":113,"column":62}},"16":{"start":{"line":115,"column":4},"end":{"line":115,"column":26}},"17":{"start":{"line":116,"column":4},"end":{"line":119,"column":7}},"18":{"start":{"line":134,"column":0},"end":{"line":144,"column":3}},"19":{"start":{"line":135,"column":2},"end":{"line":143,"column":5}},"20":{"start":{"line":146,"column":0},"end":{"line":146,"column":24}}},"fnMap":{"0":{"name":"(anonymous_0)","decl":{"start":{"line":33,"column":2},"end":{"line":33,"column":3}},"loc":{"start":{"line":33,"column":16},"end":{"line":36,"column":3}},"line":33},"1":{"name":"(anonymous_1)","decl":{"start":{"line":61,"column":23},"end":{"line":61,"column":24}},"loc":{"start":{"line":61,"column":37},"end":{"line":79,"column":1}},"line":61},"2":{"name":"(anonymous_2)","decl":{"start":{"line":92,"column":23},"end":{"line":92,"column":24}},"loc":{"start":{"line":92,"column":37},"end":{"line":97,"column":1}},"line":92},"3":{"name":"(anonymous_3)","decl":{"start":{"line":110,"column":22},"end":{"line":110,"column":23}},"loc":{"start":{"line":110,"column":36},"end":{"line":121,"column":1}},"line":110},"4":{"name":"(anonymous_4)","decl":{"start":{"line":111,"column":13},"end":{"line":111,"column":14}},"loc":{"start":{"line":111,"column":22},"end":{"line":120,"column":3}},"line":111},"5":{"name":"(anonymous_5)","decl":{"start":{"line":134,"column":22},"end":{"line":134,"column":23}},"loc":{"start":{"line":134,"column":36},"end":{"line":144,"column":1}},"line":134}},"branchMap":{"0":{"loc":{"start":{"line":62,"column":2},"end":{"line":78,"column":3}},"type":"if","locations":[{"start":{"line":62,"column":2},"end":{"line":78,"column":3}},{"start":{"line":73,"column":9},"end":{"line":78,"column":3}}],"line":62},"1":{"loc":{"start":{"line":112,"column":4},"end":{"line":114,"column":5}},"type":"if","locations":[{"start":{"line":112,"column":4},"end":{"line":114,"column":5}},{"start":{},"end":{}}],"line":112},"2":{"loc":{"start":{"line":137,"column":10},"end":{"line":142,"column":12}},"type":"cond-expr","locations":[{"start":{"line":137,"column":34},"end":{"line":142,"column":5}},{"start":{"line":142,"column":8},"end":{"line":142,"column":12}}],"line":137}},"s":{"0":1,"1":1,"2":1,"3":1,"4":1,"5":0,"6":1,"7":0,"8":0,"9":0,"10":1,"11":0,"12":1,"13":0,"14":0,"15":0,"16":0,"17":0,"18":1,"19":0,"20":1},"f":{"0":0,"1":0,"2":0,"3":0,"4":0,"5":0},"b":{"0":[0,0],"1":[0,0],"2":[0,0]},"_coverageSchema":"1a1c01bbd47fc00a2c39e90264f33305004495a9","hash":"b97b7834ab81f021c959158493fdc17e12168ee8"}
,"C:\\Users\\oseim\\OneDrive\\Documents\\BYUCLONE\\plastic-manufacturing-api\\routes\\employees.js": {"path":"C:\\Users\\oseim\\OneDrive\\Documents\\BYUCLONE\\plastic-manufacturing-api\\routes\\employees.js","statementMap":{"0":{"start":{"line":1,"column":16},"end":{"line":1,"column":34}},"1":{"start":{"line":2,"column":15},"end":{"line":2,"column":31}},"2":{"start":{"line":3,"column":16},"end":{"line":3,"column":44}},"3":{"start":{"line":72,"column":0},"end":{"line":83,"column":3}},"4":{"start":{"line":73,"column":2},"end":{"line":82,"column":3}},"5":{"start":{"line":74,"column":21},"end":{"line":74,"column":41}},"6":{"start":{"line":75,"column":4},"end":{"line":75,"column":23}},"7":{"start":{"line":77,"column":4},"end":{"line":77,"column":53}},"8":{"start":{"line":78,"column":4},"end":{"line":81,"column":7}},"9":{"start":{"line":112,"column":0},"end":{"line":138,"column":3}},"10":{"start":{"line":113,"column":2},"end":{"line":137,"column":3}},"11":{"start":{"line":115,"column":4},"end":{"line":120,"column":5}},"12":{"start":{"line":116,"column":6},"end":{"line":119,"column":9}},"13":{"start":{"line":122,"column":20},"end":{"line":122,"column":57}},"14":{"start":{"line":123,"column":4},"end":{"line":128,"column":5}},"15":{"start":{"line":124,"column":6},"end":{"line":127,"column":9}},"16":{"start":{"line":130,"column":4},"end":{"line":130,"column":22}},"17":{"start":{"line":132,"column":4},"end":{"line":132,"column":52}},"18":{"start":{"line":133,"column":4},"end":{"line":136,"column":7}},"19":{"start":{"line":164,"column":0},"end":{"line":247,"column":3}},"20":{"start":{"line":165,"column":2},"end":{"line":246,"column":3}},"21":{"start":{"line":167,"column":32},"end":{"line":167,"column":40}},"22":{"start":{"line":169,"column":4},"end":{"line":175,"column":5}},"23":{"start":{"line":170,"column":6},"end":{"line":174,"column":9}},"24":{"start":{"line":178,"column":27},"end":{"line":178,"column":41}},"25":{"start":{"line":179,"column":4},"end":{"line":184,"column":5}},"26":{"start":{"line":180,"column":6},"end":{"line":183,"column":9}},"27":{"start":{"line":187,"column":4},"end":{"line":192,"column":5}},"28":{"start":{"line":188,"column":6},"end":{"line":191,"column":9}},"29":{"start":{"line":195,"column":4},"end":{"line":200,"column":5}},"30":{"start":{"line":196,"column":6},"end":{"line":199,"column":9}},"31":{"start":{"line":203,"column":4},"end":{"line":208,"column":5}},"32":{"start":{"line":204,"column":6},"end":{"line":207,"column":9}},"33":{"start":{"line":210,"column":4},"end":{"line":215,"column":5}},"34":{"start":{"line":211,"column":6},"end":{"line":214,"column":9}},"35":{"start":{"line":217,"column":20},"end":{"line":217,"column":41}},"36":{"start":{"line":218,"column":4},"end":{"line":218,"column":25}},"37":{"start":{"line":220,"column":4},"end":{"line":220,"column":34}},"38":{"start":{"line":222,"column":4},"end":{"line":222,"column":52}},"39":{"start":{"line":224,"column":4},"end":{"line":230,"column":5}},"40":{"start":{"line":225,"column":6},"end":{"line":229,"column":9}},"41":{"start":{"line":232,"column":4},"end":{"line":240,"column":5}},"42":{"start":{"line":233,"column":6},"end":{"line":239,"column":9}},"43":{"start":{"line":235,"column":57},"end":{"line":238,"column":9}},"44":{"start":{"line":242,"column":4},"end":{"line":245,"column":7}},"45":{"start":{"line":282,"column":0},"end":{"line":386,"column":3}},"46":{"start":{"line":283,"column":2},"end":{"line":385,"column":3}},"47":{"start":{"line":285,"column":4},"end":{"line":290,"column":5}},"48":{"start":{"line":286,"column":6},"end":{"line":289,"column":9}},"49":{"start":{"line":293,"column":4},"end":{"line":298,"column":5}},"50":{"start":{"line":294,"column":6},"end":{"line":297,"column":9}},"51":{"start":{"line":301,"column":4},"end":{"line":309,"column":5}},"52":{"start":{"line":302,"column":29},"end":{"line":302,"column":43}},"53":{"start":{"line":303,"column":6},"end":{"line":308,"column":7}},"54":{"start":{"line":304,"column":8},"end":{"line":307,"column":11}},"55":{"start":{"line":312,"column":4},"end":{"line":317,"column":5}},"56":{"start":{"line":313,"column":6},"end":{"line":316,"column":9}},"57":{"start":{"line":320,"column":4},"end":{"line":325,"column":5}},"58":{"start":{"line":321,"column":6},"end":{"line":324,"column":9}},"59":{"start":{"line":328,"column":4},"end":{"line":333,"column":5}},"60":{"start":{"line":329,"column":6},"end":{"line":332,"column":9}},"61":{"start":{"line":335,"column":4},"end":{"line":340,"column":5}},"62":{"start":{"line":336,"column":6},"end":{"line":339,"column":9}},"63":{"start":{"line":342,"column":20},"end":{"line":350,"column":5}},"64":{"start":{"line":352,"column":4},"end":{"line":357,"column":5}},"65":{"start":{"line":353,"column":6},"end":{"line":356,"column":9}},"66":{"start":{"line":359,"column":4},"end":{"line":359,"column":22}},"67":{"start":{"line":361,"column":4},"end":{"line":361,"column":52}},"68":{"start":{"line":363,"column":4},"end":{"line":369,"column":5}},"69":{"start":{"line":364,"column":6},"end":{"line":368,"column":9}},"70":{"start":{"line":371,"column":4},"end":{"line":379,"column":5}},"71":{"start":{"line":372,"column":6},"end":{"line":378,"column":9}},"72":{"start":{"line":374,"column":57},"end":{"line":377,"column":9}},"73":{"start":{"line":381,"column":4},"end":{"line":384,"column":7}},"74":{"start":{"line":411,"column":0},"end":{"line":444,"column":3}},"75":{"start":{"line":412,"column":2},"end":{"line":443,"column":3}},"76":{"start":{"line":414,"column":4},"end":{"line":419,"column":5}},"77":{"start":{"line":415,"column":6},"end":{"line":418,"column":9}},"78":{"start":{"line":421,"column":20},"end":{"line":421,"column":66}},"79":{"start":{"line":422,"column":4},"end":{"line":427,"column":5}},"80":{"start":{"line":423,"column":6},"end":{"line":426,"column":9}},"81":{"start":{"line":429,"column":4},"end":{"line":436,"column":7}},"82":{"start":{"line":438,"column":4},"end":{"line":438,"column":52}},"83":{"start":{"line":439,"column":4},"end":{"line":442,"column":7}},"84":{"start":{"line":446,"column":0},"end":{"line":446,"column":24}}},"fnMap":{"0":{"name":"(anonymous_0)","decl":{"start":{"line":72,"column":16},"end":{"line":72,"column":17}},"loc":{"start":{"line":72,"column":36},"end":{"line":83,"column":1}},"line":72},"1":{"name":"(anonymous_1)","decl":{"start":{"line":112,"column":19},"end":{"line":112,"column":20}},"loc":{"start":{"line":112,"column":39},"end":{"line":138,"column":1}},"line":112},"2":{"name":"(anonymous_2)","decl":{"start":{"line":164,"column":17},"end":{"line":164,"column":18}},"loc":{"start":{"line":164,"column":37},"end":{"line":247,"column":1}},"line":164},"3":{"name":"(anonymous_3)","decl":{"start":{"line":235,"column":49},"end":{"line":235,"column":50}},"loc":{"start":{"line":235,"column":57},"end":{"line":238,"column":9}},"line":235},"4":{"name":"(anonymous_4)","decl":{"start":{"line":282,"column":19},"end":{"line":282,"column":20}},"loc":{"start":{"line":282,"column":39},"end":{"line":386,"column":1}},"line":282},"5":{"name":"(anonymous_5)","decl":{"start":{"line":374,"column":49},"end":{"line":374,"column":50}},"loc":{"start":{"line":374,"column":57},"end":{"line":377,"column":9}},"line":374},"6":{"name":"(anonymous_6)","decl":{"start":{"line":411,"column":22},"end":{"line":411,"column":23}},"loc":{"start":{"line":411,"column":42},"end":{"line":444,"column":1}},"line":411}},"branchMap":{"0":{"loc":{"start":{"line":115,"column":4},"end":{"line":120,"column":5}},"type":"if","locations":[{"start":{"line":115,"column":4},"end":{"line":120,"column":5}},{"start":{},"end":{}}],"line":115},"1":{"loc":{"start":{"line":123,"column":4},"end":{"line":128,"column":5}},"type":"if","locations":[{"start":{"line":123,"column":4},"end":{"line":128,"column":5}},{"start":{},"end":{}}],"line":123},"2":{"loc":{"start":{"line":169,"column":4},"end":{"line":175,"column":5}},"type":"if","locations":[{"start":{"line":169,"column":4},"end":{"line":175,"column":5}},{"start":{},"end":{}}],"line":169},"3":{"loc":{"start":{"line":169,"column":8},"end":{"line":169,"column":27}},"type":"binary-expr","locations":[{"start":{"line":169,"column":8},"end":{"line":169,"column":18}},{"start":{"line":169,"column":22},"end":{"line":169,"column":27}}],"line":169},"4":{"loc":{"start":{"line":179,"column":4},"end":{"line":184,"column":5}},"type":"if","locations":[{"start":{"line":179,"column":4},"end":{"line":184,"column":5}},{"start":{},"end":{}}],"line":179},"5":{"loc":{"start":{"line":187,"column":4},"end":{"line":192,"column":5}},"type":"if","locations":[{"start":{"line":187,"column":4},"end":{"line":192,"column":5}},{"start":{},"end":{}}],"line":187},"6":{"loc":{"start":{"line":195,"column":4},"end":{"line":200,"column":5}},"type":"if","locations":[{"start":{"line":195,"column":4},"end":{"line":200,"column":5}},{"start":{},"end":{}}],"line":195},"7":{"loc":{"start":{"line":195,"column":8},"end":{"line":195,"column":100}},"type":"binary-expr","locations":[{"start":{"line":195,"column":8},"end":{"line":195,"column":23}},{"start":{"line":195,"column":27},"end":{"line":195,"column":100}}],"line":195},"8":{"loc":{"start":{"line":203,"column":4},"end":{"line":208,"column":5}},"type":"if","locations":[{"start":{"line":203,"column":4},"end":{"line":208,"column":5}},{"start":{},"end":{}}],"line":203},"9":{"loc":{"start":{"line":203,"column":8},"end":{"line":203,"column":78}},"type":"binary-expr","locations":[{"start":{"line":203,"column":8},"end":{"line":203,"column":24}},{"start":{"line":203,"column":29},"end":{"line":203,"column":52}},{"start":{"line":203,"column":56},"end":{"line":203,"column":77}}],"line":203},"10":{"loc":{"start":{"line":210,"column":4},"end":{"line":215,"column":5}},"type":"if","locations":[{"start":{"line":210,"column":4},"end":{"line":215,"column":5}},{"start":{},"end":{}}],"line":210},"11":{"loc":{"start":{"line":210,"column":8},"end":{"line":210,"column":81}},"type":"binary-expr","locations":[{"start":{"line":210,"column":8},"end":{"line":210,"column":25}},{"start":{"line":210,"column":30},"end":{"line":210,"column":54}},{"start":{"line":210,"column":58},"end":{"line":210,"column":80}}],"line":210},"12":{"loc":{"start":{"line":224,"column":4},"end":{"line":230,"column":5}},"type":"if","locations":[{"start":{"line":224,"column":4},"end":{"line":230,"column":5}},{"start":{},"end":{}}],"line":224},"13":{"loc":{"start":{"line":232,"column":4},"end":{"line":240,"column":5}},"type":"if","locations":[{"start":{"line":232,"column":4},"end":{"line":240,"column":5}},{"start":{},"end":{}}],"line":232},"14":{"loc":{"start":{"line":285,"column":4},"end":{"line":290,"column":5}},"type":"if","locations":[{"start":{"line":285,"column":4},"end":{"line":290,"column":5}},{"start":{},"end":{}}],"line":285},"15":{"loc":{"start":{"line":293,"column":4},"end":{"line":298,"column":5}},"type":"if","locations":[{"start":{"line":293,"column":4},"end":{"line":298,"column":5}},{"start":{},"end":{}}],"line":293},"16":{"loc":{"start":{"line":301,"column":4},"end":{"line":309,"column":5}},"type":"if","locations":[{"start":{"line":301,"column":4},"end":{"line":309,"column":5}},{"start":{},"end":{}}],"line":301},"17":{"loc":{"start":{"line":303,"column":6},"end":{"line":308,"column":7}},"type":"if","locations":[{"start":{"line":303,"column":6},"end":{"line":308,"column":7}},{"start":{},"end":{}}],"line":303},"18":{"loc":{"start":{"line":312,"column":4},"end":{"line":317,"column":5}},"type":"if","locations":[{"start":{"line":312,"column":4},"end":{"line":317,"column":5}},{"start":{},"end":{}}],"line":312},"19":{"loc":{"start":{"line":312,"column":8},"end":{"line":312,"column":49}},"type":"binary-expr","locations":[{"start":{"line":312,"column":8},"end":{"line":312,"column":21}},{"start":{"line":312,"column":25},"end":{"line":312,"column":49}}],"line":312},"20":{"loc":{"start":{"line":320,"column":4},"end":{"line":325,"column":5}},"type":"if","locations":[{"start":{"line":320,"column":4},"end":{"line":325,"column":5}},{"start":{},"end":{}}],"line":320},"21":{"loc":{"start":{"line":320,"column":8},"end":{"line":320,"column":100}},"type":"binary-expr","locations":[{"start":{"line":320,"column":8},"end":{"line":320,"column":23}},{"start":{"line":320,"column":27},"end":{"line":320,"column":100}}],"line":320},"22":{"loc":{"start":{"line":328,"column":4},"end":{"line":333,"column":5}},"type":"if","locations":[{"start":{"line":328,"column":4},"end":{"line":333,"column":5}},{"start":{},"end":{}}],"line":328},"23":{"loc":{"start":{"line":328,"column":8},"end":{"line":328,"column":78}},"type":"binary-expr","locations":[{"start":{"line":328,"column":8},"end":{"line":328,"column":24}},{"start":{"line":328,"column":29},"end":{"line":328,"column":52}},{"start":{"line":328,"column":56},"end":{"line":328,"column":77}}],"line":328},"24":{"loc":{"start":{"line":335,"column":4},"end":{"line":340,"column":5}},"type":"if","locations":[{"start":{"line":335,"column":4},"end":{"line":340,"column":5}},{"start":{},"end":{}}],"line":335},"25":{"loc":{"start":{"line":335,"column":8},"end":{"line":335,"column":81}},"type":"binary-expr","locations":[{"start":{"line":335,"column":8},"end":{"line":335,"column":25}},{"start":{"line":335,"column":30},"end":{"line":335,"column":54}},{"start":{"line":335,"column":58},"end":{"line":335,"column":80}}],"line":335},"26":{"loc":{"start":{"line":352,"column":4},"end":{"line":357,"column":5}},"type":"if","locations":[{"start":{"line":352,"column":4},"end":{"line":357,"column":5}},{"start":{},"end":{}}],"line":352},"27":{"loc":{"start":{"line":363,"column":4},"end":{"line":369,"column":5}},"type":"if","locations":[{"start":{"line":363,"column":4},"end":{"line":369,"column":5}},{"start":{},"end":{}}],"line":363},"28":{"loc":{"start":{"line":371,"column":4},"end":{"line":379,"column":5}},"type":"if","locations":[{"start":{"line":371,"column":4},"end":{"line":379,"column":5}},{"start":{},"end":{}}],"line":371},"29":{"loc":{"start":{"line":414,"column":4},"end":{"line":419,"column":5}},"type":"if","locations":[{"start":{"line":414,"column":4},"end":{"line":419,"column":5}},{"start":{},"end":{}}],"line":414},"30":{"loc":{"start":{"line":422,"column":4},"end":{"line":427,"column":5}},"type":"if","locations":[{"start":{"line":422,"column":4},"end":{"line":427,"column":5}},{"start":{},"end":{}}],"line":422}},"s":{"0":1,"1":1,"2":1,"3":1,"4":0,"5":0,"6":0,"7":0,"8":0,"9":1,"10":0,"11":0,"12":0,"13":0,"14":0,"15":0,"16":0,"17":0,"18":0,"19":1,"20":0,"21":0,"22":0,"23":0,"24":0,"25":0,"26":0,"27":0,"28":0,"29":0,"30":0,"31":0,"32":0,"33":0,"34":0,"35":0,"36":0,"37":0,"38":0,"39":0,"40":0,"41":0,"42":0,"43":0,"44":0,"45":1,"46":0,"47":0,"48":0,"49":0,"50":0,"51":0,"52":0,"53":0,"54":0,"55":0,"56":0,"57":0,"58":0,"59":0,"60":0,"61":0,"62":0,"63":0,"64":0,"65":0,"66":0,"67":0,"68":0,"69":0,"70":0,"71":0,"72":0,"73":0,"74":1,"75":0,"76":0,"77":0,"78":0,"79":0,"80":0,"81":0,"82":0,"83":0,"84":1},"f":{"0":0,"1":0,"2":0,"3":0,"4":0,"5":0,"6":0},"b":{"0":[0,0],"1":[0,0],"2":[0,0],"3":[0,0],"4":[0,0],"5":[0,0],"6":[0,0],"7":[0,0],"8":[0,0],"9":[0,0,0],"10":[0,0],"11":[0,0,0],"12":[0,0],"13":[0,0],"14":[0,0],"15":[0,0],"16":[0,0],"17":[0,0],"18":[0,0],"19":[0,0],"20":[0,0],"21":[0,0],"22":[0,0],"23":[0,0,0],"24":[0,0],"25":[0,0,0],"26":[0,0],"27":[0,0],"28":[0,0],"29":[0,0],"30":[0,0]},"_coverageSchema":"1a1c01bbd47fc00a2c39e90264f33305004495a9","hash":"06dfc1a6a6a77da53bd07fadfef8b0e04a3bfad9"}
,"C:\\Users\\oseim\\OneDrive\\Documents\\BYUCLONE\\plastic-manufacturing-api\\routes\\machines.js": {"path":"C:\\Users\\oseim\\OneDrive\\Documents\\BYUCLONE\\plastic-manufacturing-api\\routes\\machines.js","statementMap":{"0":{"start":{"line":1,"column":16},"end":{"line":1,"column":34}},"1":{"start":{"line":2,"column":15},"end":{"line":2,"column":31}},"2":{"start":{"line":3,"column":16},"end":{"line":3,"column":44}},"3":{"start":{"line":52,"column":0},"end":{"line":59,"column":3}},"4":{"start":{"line":53,"column":2},"end":{"line":58,"column":3}},"5":{"start":{"line":54,"column":21},"end":{"line":54,"column":41}},"6":{"start":{"line":55,"column":4},"end":{"line":55,"column":23}},"7":{"start":{"line":57,"column":4},"end":{"line":57,"column":51}},"8":{"start":{"line":86,"column":0},"end":{"line":96,"column":3}},"9":{"start":{"line":87,"column":2},"end":{"line":95,"column":3}},"10":{"start":{"line":88,"column":20},"end":{"line":88,"column":57}},"11":{"start":{"line":89,"column":4},"end":{"line":91,"column":5}},"12":{"start":{"line":90,"column":6},"end":{"line":90,"column":66}},"13":{"start":{"line":92,"column":4},"end":{"line":92,"column":22}},"14":{"start":{"line":94,"column":4},"end":{"line":94,"column":51}},"15":{"start":{"line":122,"column":0},"end":{"line":133,"column":3}},"16":{"start":{"line":123,"column":2},"end":{"line":132,"column":3}},"17":{"start":{"line":124,"column":20},"end":{"line":124,"column":41}},"18":{"start":{"line":125,"column":4},"end":{"line":125,"column":25}},"19":{"start":{"line":126,"column":4},"end":{"line":126,"column":34}},"20":{"start":{"line":128,"column":4},"end":{"line":130,"column":5}},"21":{"start":{"line":129,"column":6},"end":{"line":129,"column":74}},"22":{"start":{"line":131,"column":4},"end":{"line":131,"column":51}},"23":{"start":{"line":166,"column":0},"end":{"line":180,"column":3}},"24":{"start":{"line":167,"column":2},"end":{"line":179,"column":3}},"25":{"start":{"line":168,"column":20},"end":{"line":172,"column":5}},"26":{"start":{"line":173,"column":4},"end":{"line":175,"column":5}},"27":{"start":{"line":174,"column":6},"end":{"line":174,"column":66}},"28":{"start":{"line":176,"column":4},"end":{"line":176,"column":22}},"29":{"start":{"line":178,"column":4},"end":{"line":178,"column":51}},"30":{"start":{"line":203,"column":0},"end":{"line":213,"column":3}},"31":{"start":{"line":204,"column":2},"end":{"line":212,"column":3}},"32":{"start":{"line":205,"column":20},"end":{"line":205,"column":66}},"33":{"start":{"line":206,"column":4},"end":{"line":208,"column":5}},"34":{"start":{"line":207,"column":6},"end":{"line":207,"column":66}},"35":{"start":{"line":209,"column":4},"end":{"line":209,"column":58}},"36":{"start":{"line":211,"column":4},"end":{"line":211,"column":51}},"37":{"start":{"line":215,"column":0},"end":{"line":215,"column":24}}},"fnMap":{"0":{"name":"(anonymous_0)","decl":{"start":{"line":52,"column":16},"end":{"line":52,"column":17}},"loc":{"start":{"line":52,"column":36},"end":{"line":59,"column":1}},"line":52},"1":{"name":"(anonymous_1)","decl":{"start":{"line":86,"column":19},"end":{"line":86,"column":20}},"loc":{"start":{"line":86,"column":39},"end":{"line":96,"column":1}},"line":86},"2":{"name":"(anonymous_2)","decl":{"start":{"line":122,"column":17},"end":{"line":122,"column":18}},"loc":{"start":{"line":122,"column":37},"end":{"line":133,"column":1}},"line":122},"3":{"name":"(anonymous_3)","decl":{"start":{"line":166,"column":19},"end":{"line":166,"column":20}},"loc":{"start":{"line":166,"column":39},"end":{"line":180,"column":1}},"line":166},"4":{"name":"(anonymous_4)","decl":{"start":{"line":203,"column":22},"end":{"line":203,"column":23}},"loc":{"start":{"line":203,"column":42},"end":{"line":213,"column":1}},"line":203}},"branchMap":{"0":{"loc":{"start":{"line":89,"column":4},"end":{"line":91,"column":5}},"type":"if","locations":[{"start":{"line":89,"column":4},"end":{"line":91,"column":5}},{"start":{},"end":{}}],"line":89},"1":{"loc":{"start":{"line":128,"column":4},"end":{"line":130,"column":5}},"type":"if","locations":[{"start":{"line":128,"column":4},"end":{"line":130,"column":5}},{"start":{},"end":{}}],"line":128},"2":{"loc":{"start":{"line":173,"column":4},"end":{"line":175,"column":5}},"type":"if","locations":[{"start":{"line":173,"column":4},"end":{"line":175,"column":5}},{"start":{},"end":{}}],"line":173},"3":{"loc":{"start":{"line":206,"column":4},"end":{"line":208,"column":5}},"type":"if","locations":[{"start":{"line":206,"column":4},"end":{"line":208,"column":5}},{"start":{},"end":{}}],"line":206}},"s":{"0":1,"1":1,"2":1,"3":1,"4":0,"5":0,"6":0,"7":0,"8":1,"9":0,"10":0,"11":0,"12":0,"13":0,"14":0,"15":1,"16":0,"17":0,"18":0,"19":0,"20":0,"21":0,"22":0,"23":1,"24":0,"25":0,"26":0,"27":0,"28":0,"29":0,"30":1,"31":0,"32":0,"33":0,"34":0,"35":0,"36":0,"37":1},"f":{"0":0,"1":0,"2":0,"3":0,"4":0},"b":{"0":[0,0],"1":[0,0],"2":[0,0],"3":[0,0]},"_coverageSchema":"1a1c01bbd47fc00a2c39e90264f33305004495a9","hash":"6151e193f62492cb987b510ffdff715e7742c025"}
,"C:\\Users\\oseim\\OneDrive\\Documents\\BYUCLONE\\plastic-manufacturing-api\\routes\\productionRuns.js": {"path":"C:\\Users\\oseim\\OneDrive\\Documents\\BYUCLONE\\plastic-manufacturing-api\\routes\\productionRuns.js","statementMap":{"0":{"start":{"line":1,"column":16},"end":{"line":1,"column":34}},"1":{"start":{"line":2,"column":15},"end":{"line":2,"column":31}},"2":{"start":{"line":3,"column":22},"end":{"line":3,"column":56}},"3":{"start":{"line":4,"column":16},"end":{"line":4,"column":44}},"4":{"start":{"line":102,"column":0},"end":{"line":123,"column":3}},"5":{"start":{"line":103,"column":2},"end":{"line":122,"column":3}},"6":{"start":{"line":104,"column":19},"end":{"line":104,"column":21}},"7":{"start":{"line":106,"column":4},"end":{"line":108,"column":5}},"8":{"start":{"line":107,"column":6},"end":{"line":107,"column":39}},"9":{"start":{"line":110,"column":4},"end":{"line":112,"column":5}},"10":{"start":{"line":111,"column":6},"end":{"line":111,"column":45}},"11":{"start":{"line":114,"column":17},"end":{"line":114,"column":71}},"12":{"start":{"line":115,"column":4},"end":{"line":115,"column":19}},"13":{"start":{"line":117,"column":4},"end":{"line":117,"column":60}},"14":{"start":{"line":118,"column":4},"end":{"line":121,"column":7}},"15":{"start":{"line":152,"column":0},"end":{"line":178,"column":3}},"16":{"start":{"line":153,"column":2},"end":{"line":177,"column":3}},"17":{"start":{"line":155,"column":4},"end":{"line":160,"column":5}},"18":{"start":{"line":156,"column":6},"end":{"line":159,"column":9}},"19":{"start":{"line":162,"column":16},"end":{"line":162,"column":81}},"20":{"start":{"line":163,"column":4},"end":{"line":168,"column":5}},"21":{"start":{"line":164,"column":6},"end":{"line":167,"column":9}},"22":{"start":{"line":170,"column":4},"end":{"line":170,"column":18}},"23":{"start":{"line":172,"column":4},"end":{"line":172,"column":59}},"24":{"start":{"line":173,"column":4},"end":{"line":176,"column":7}},"25":{"start":{"line":206,"column":0},"end":{"line":318,"column":3}},"26":{"start":{"line":207,"column":2},"end":{"line":317,"column":3}},"27":{"start":{"line":209,"column":76},"end":{"line":209,"column":84}},"28":{"start":{"line":211,"column":27},"end":{"line":211,"column":100}},"29":{"start":{"line":212,"column":26},"end":{"line":212,"column":74}},"30":{"start":{"line":212,"column":57},"end":{"line":212,"column":73}},"31":{"start":{"line":214,"column":4},"end":{"line":220,"column":5}},"32":{"start":{"line":215,"column":6},"end":{"line":219,"column":9}},"33":{"start":{"line":223,"column":23},"end":{"line":223,"column":37}},"34":{"start":{"line":224,"column":4},"end":{"line":229,"column":5}},"35":{"start":{"line":225,"column":6},"end":{"line":228,"column":9}},"36":{"start":{"line":232,"column":26},"end":{"line":232,"column":59}},"37":{"start":{"line":233,"column":4},"end":{"line":238,"column":5}},"38":{"start":{"line":234,"column":6},"end":{"line":237,"column":9}},"39":{"start":{"line":241,"column":4},"end":{"line":246,"column":5}},"40":{"start":{"line":242,"column":6},"end":{"line":245,"column":9}},"41":{"start":{"line":248,"column":4},"end":{"line":253,"column":5}},"42":{"start":{"line":249,"column":6},"end":{"line":252,"column":9}},"43":{"start":{"line":256,"column":4},"end":{"line":261,"column":5}},"44":{"start":{"line":257,"column":6},"end":{"line":260,"column":9}},"45":{"start":{"line":264,"column":4},"end":{"line":269,"column":5}},"46":{"start":{"line":265,"column":6},"end":{"line":268,"column":9}},"47":{"start":{"line":272,"column":4},"end":{"line":277,"column":5}},"48":{"start":{"line":273,"column":6},"end":{"line":276,"column":9}},"49":{"start":{"line":280,"column":4},"end":{"line":285,"column":5}},"50":{"start":{"line":281,"column":6},"end":{"line":284,"column":9}},"51":{"start":{"line":287,"column":16},"end":{"line":287,"column":43}},"52":{"start":{"line":288,"column":4},"end":{"line":288,"column":21}},"53":{"start":{"line":289,"column":4},"end":{"line":289,"column":36}},"54":{"start":{"line":291,"column":4},"end":{"line":291,"column":30}},"55":{"start":{"line":293,"column":4},"end":{"line":293,"column":59}},"56":{"start":{"line":295,"column":4},"end":{"line":301,"column":5}},"57":{"start":{"line":296,"column":6},"end":{"line":300,"column":9}},"58":{"start":{"line":303,"column":4},"end":{"line":311,"column":5}},"59":{"start":{"line":304,"column":6},"end":{"line":310,"column":9}},"60":{"start":{"line":306,"column":57},"end":{"line":309,"column":9}},"61":{"start":{"line":313,"column":4},"end":{"line":316,"column":7}},"62":{"start":{"line":353,"column":0},"end":{"line":485,"column":3}},"63":{"start":{"line":354,"column":2},"end":{"line":484,"column":3}},"64":{"start":{"line":356,"column":4},"end":{"line":361,"column":5}},"65":{"start":{"line":357,"column":6},"end":{"line":360,"column":9}},"66":{"start":{"line":364,"column":4},"end":{"line":369,"column":5}},"67":{"start":{"line":365,"column":6},"end":{"line":368,"column":9}},"68":{"start":{"line":372,"column":4},"end":{"line":380,"column":5}},"69":{"start":{"line":373,"column":25},"end":{"line":373,"column":39}},"70":{"start":{"line":374,"column":6},"end":{"line":379,"column":7}},"71":{"start":{"line":375,"column":8},"end":{"line":378,"column":11}},"72":{"start":{"line":383,"column":4},"end":{"line":391,"column":5}},"73":{"start":{"line":384,"column":28},"end":{"line":384,"column":70}},"74":{"start":{"line":385,"column":6},"end":{"line":390,"column":7}},"75":{"start":{"line":386,"column":8},"end":{"line":389,"column":11}},"76":{"start":{"line":394,"column":4},"end":{"line":399,"column":5}},"77":{"start":{"line":395,"column":6},"end":{"line":398,"column":9}},"78":{"start":{"line":402,"column":4},"end":{"line":407,"column":5}},"79":{"start":{"line":403,"column":6},"end":{"line":406,"column":9}},"80":{"start":{"line":410,"column":4},"end":{"line":415,"column":5}},"81":{"start":{"line":411,"column":6},"end":{"line":414,"column":9}},"82":{"start":{"line":418,"column":4},"end":{"line":423,"column":5}},"83":{"start":{"line":419,"column":6},"end":{"line":422,"column":9}},"84":{"start":{"line":426,"column":4},"end":{"line":431,"column":5}},"85":{"start":{"line":427,"column":6},"end":{"line":430,"column":9}},"86":{"start":{"line":434,"column":4},"end":{"line":439,"column":5}},"87":{"start":{"line":435,"column":6},"end":{"line":438,"column":9}},"88":{"start":{"line":441,"column":16},"end":{"line":449,"column":27}},"89":{"start":{"line":451,"column":4},"end":{"line":456,"column":5}},"90":{"start":{"line":452,"column":6},"end":{"line":455,"column":9}},"91":{"start":{"line":458,"column":4},"end":{"line":458,"column":18}},"92":{"start":{"line":460,"column":4},"end":{"line":460,"column":59}},"93":{"start":{"line":462,"column":4},"end":{"line":468,"column":5}},"94":{"start":{"line":463,"column":6},"end":{"line":467,"column":9}},"95":{"start":{"line":470,"column":4},"end":{"line":478,"column":5}},"96":{"start":{"line":471,"column":6},"end":{"line":477,"column":9}},"97":{"start":{"line":473,"column":57},"end":{"line":476,"column":9}},"98":{"start":{"line":480,"column":4},"end":{"line":483,"column":7}},"99":{"start":{"line":510,"column":0},"end":{"line":544,"column":3}},"100":{"start":{"line":511,"column":2},"end":{"line":543,"column":3}},"101":{"start":{"line":513,"column":4},"end":{"line":518,"column":5}},"102":{"start":{"line":514,"column":6},"end":{"line":517,"column":9}},"103":{"start":{"line":520,"column":16},"end":{"line":520,"column":68}},"104":{"start":{"line":521,"column":4},"end":{"line":526,"column":5}},"105":{"start":{"line":522,"column":6},"end":{"line":525,"column":9}},"106":{"start":{"line":528,"column":4},"end":{"line":536,"column":7}},"107":{"start":{"line":538,"column":4},"end":{"line":538,"column":59}},"108":{"start":{"line":539,"column":4},"end":{"line":542,"column":7}},"109":{"start":{"line":546,"column":0},"end":{"line":546,"column":24}}},"fnMap":{"0":{"name":"(anonymous_0)","decl":{"start":{"line":102,"column":16},"end":{"line":102,"column":17}},"loc":{"start":{"line":102,"column":36},"end":{"line":123,"column":1}},"line":102},"1":{"name":"(anonymous_1)","decl":{"start":{"line":152,"column":19},"end":{"line":152,"column":20}},"loc":{"start":{"line":152,"column":39},"end":{"line":178,"column":1}},"line":152},"2":{"name":"(anonymous_2)","decl":{"start":{"line":206,"column":17},"end":{"line":206,"column":18}},"loc":{"start":{"line":206,"column":37},"end":{"line":318,"column":1}},"line":206},"3":{"name":"(anonymous_3)","decl":{"start":{"line":212,"column":48},"end":{"line":212,"column":49}},"loc":{"start":{"line":212,"column":57},"end":{"line":212,"column":73}},"line":212},"4":{"name":"(anonymous_4)","decl":{"start":{"line":306,"column":49},"end":{"line":306,"column":50}},"loc":{"start":{"line":306,"column":57},"end":{"line":309,"column":9}},"line":306},"5":{"name":"(anonymous_5)","decl":{"start":{"line":353,"column":19},"end":{"line":353,"column":20}},"loc":{"start":{"line":353,"column":39},"end":{"line":485,"column":1}},"line":353},"6":{"name":"(anonymous_6)","decl":{"start":{"line":473,"column":49},"end":{"line":473,"column":50}},"loc":{"start":{"line":473,"column":57},"end":{"line":476,"column":9}},"line":473},"7":{"name":"(anonymous_7)","decl":{"start":{"line":510,"column":22},"end":{"line":510,"column":23}},"loc":{"start":{"line":510,"column":42},"end":{"line":544,"column":1}},"line":510}},"branchMap":{"0":{"loc":{"start":{"line":106,"column":4},"end":{"line":108,"column":5}},"type":"if","locations":[{"start":{"line":106,"column":4},"end":{"line":108,"column":5}},{"start":{},"end":{}}],"line":106},"1":{"loc":{"start":{"line":110,"column":4},"end":{"line":112,"column":5}},"type":"if","locations":[{"start":{"line":110,"column":4},"end":{"line":112,"column":5}},{"start":{},"end":{}}],"line":110},"2":{"loc":{"start":{"line":155,"column":4},"end":{"line":160,"column":5}},"type":"if","locations":[{"start":{"line":155,"column":4},"end":{"line":160,"column":5}},{"start":{},"end":{}}],"line":155},"3":{"loc":{"start":{"line":163,"column":4},"end":{"line":168,"column":5}},"type":"if","locations":[{"start":{"line":163,"column":4},"end":{"line":168,"column":5}},{"start":{},"end":{}}],"line":163},"4":{"loc":{"start":{"line":214,"column":4},"end":{"line":220,"column":5}},"type":"if","locations":[{"start":{"line":214,"column":4},"end":{"line":220,"column":5}},{"start":{},"end":{}}],"line":214},"5":{"loc":{"start":{"line":224,"column":4},"end":{"line":229,"column":5}},"type":"if","locations":[{"start":{"line":224,"column":4},"end":{"line":229,"column":5}},{"start":{},"end":{}}],"line":224},"6":{"loc":{"start":{"line":233,"column":4},"end":{"line":238,"column":5}},"type":"if","locations":[{"start":{"line":233,"column":4},"end":{"line":238,"column":5}},{"start":{},"end":{}}],"line":233},"7":{"loc":{"start":{"line":241,"column":4},"end":{"line":246,"column":5}},"type":"if","locations":[{"start":{"line":241,"column":4},"end":{"line":246,"column":5}},{"start":{},"end":{}}],"line":241},"8":{"loc":{"start":{"line":248,"column":4},"end":{"line":253,"column":5}},"type":"if","locations":[{"start":{"line":248,"column":4},"end":{"line":253,"column":5}},{"start":{},"end":{}}],"line":248},"9":{"loc":{"start":{"line":256,"column":4},"end":{"line":261,"column":5}},"type":"if","locations":[{"start":{"line":256,"column":4},"end":{"line":261,"column":5}},{"start":{},"end":{}}],"line":256},"10":{"loc":{"start":{"line":264,"column":4},"end":{"line":269,"column":5}},"type":"if","locations":[{"start":{"line":264,"column":4},"end":{"line":269,"column":5}},{"start":{},"end":{}}],"line":264},"11":{"loc":{"start":{"line":264,"column":8},"end":{"line":264,"column":42}},"type":"binary-expr","locations":[{"start":{"line":264,"column":8},"end":{"line":264,"column":24}},{"start":{"line":264,"column":28},"end":{"line":264,"column":42}}],"line":264},"12":{"loc":{"start":{"line":272,"column":4},"end":{"line":277,"column":5}},"type":"if","locations":[{"start":{"line":272,"column":4},"end":{"line":277,"column":5}},{"start":{},"end":{}}],"line":272},"13":{"loc":{"start":{"line":272,"column":8},"end":{"line":272,"column":83}},"type":"binary-expr","locations":[{"start":{"line":272,"column":8},"end":{"line":272,"column":26}},{"start":{"line":272,"column":31},"end":{"line":272,"column":56}},{"start":{"line":272,"column":60},"end":{"line":272,"column":82}}],"line":272},"14":{"loc":{"start":{"line":280,"column":4},"end":{"line":285,"column":5}},"type":"if","locations":[{"start":{"line":280,"column":4},"end":{"line":285,"column":5}},{"start":{},"end":{}}],"line":280},"15":{"loc":{"start":{"line":280,"column":8},"end":{"line":280,"column":114}},"type":"binary-expr","locations":[{"start":{"line":280,"column":8},"end":{"line":280,"column":23}},{"start":{"line":280,"column":27},"end":{"line":280,"column":114}}],"line":280},"16":{"loc":{"start":{"line":295,"column":4},"end":{"line":301,"column":5}},"type":"if","locations":[{"start":{"line":295,"column":4},"end":{"line":301,"column":5}},{"start":{},"end":{}}],"line":295},"17":{"loc":{"start":{"line":303,"column":4},"end":{"line":311,"column":5}},"type":"if","locations":[{"start":{"line":303,"column":4},"end":{"line":311,"column":5}},{"start":{},"end":{}}],"line":303},"18":{"loc":{"start":{"line":356,"column":4},"end":{"line":361,"column":5}},"type":"if","locations":[{"start":{"line":356,"column":4},"end":{"line":361,"column":5}},{"start":{},"end":{}}],"line":356},"19":{"loc":{"start":{"line":364,"column":4},"end":{"line":369,"column":5}},"type":"if","locations":[{"start":{"line":364,"column":4},"end":{"line":369,"column":5}},{"start":{},"end":{}}],"line":364},"20":{"loc":{"start":{"line":372,"column":4},"end":{"line":380,"column":5}},"type":"if","locations":[{"start":{"line":372,"column":4},"end":{"line":380,"column":5}},{"start":{},"end":{}}],"line":372},"21":{"loc":{"start":{"line":374,"column":6},"end":{"line":379,"column":7}},"type":"if","locations":[{"start":{"line":374,"column":6},"end":{"line":379,"column":7}},{"start":{},"end":{}}],"line":374},"22":{"loc":{"start":{"line":383,"column":4},"end":{"line":391,"column":5}},"type":"if","locations":[{"start":{"line":383,"column":4},"end":{"line":391,"column":5}},{"start":{},"end":{}}],"line":383},"23":{"loc":{"start":{"line":385,"column":6},"end":{"line":390,"column":7}},"type":"if","locations":[{"start":{"line":385,"column":6},"end":{"line":390,"column":7}},{"start":{},"end":{}}],"line":385},"24":{"loc":{"start":{"line":394,"column":4},"end":{"line":399,"column":5}},"type":"if","locations":[{"start":{"line":394,"column":4},"end":{"line":399,"column":5}},{"start":{},"end":{}}],"line":394},"25":{"loc":{"start":{"line":394,"column":8},"end":{"line":394,"column":61}},"type":"binary-expr","locations":[{"start":{"line":394,"column":8},"end":{"line":394,"column":27}},{"start":{"line":394,"column":31},"end":{"line":394,"column":61}}],"line":394},"26":{"loc":{"start":{"line":402,"column":4},"end":{"line":407,"column":5}},"type":"if","locations":[{"start":{"line":402,"column":4},"end":{"line":407,"column":5}},{"start":{},"end":{}}],"line":402},"27":{"loc":{"start":{"line":402,"column":8},"end":{"line":402,"column":57}},"type":"binary-expr","locations":[{"start":{"line":402,"column":8},"end":{"line":402,"column":25}},{"start":{"line":402,"column":29},"end":{"line":402,"column":57}}],"line":402},"28":{"loc":{"start":{"line":410,"column":4},"end":{"line":415,"column":5}},"type":"if","locations":[{"start":{"line":410,"column":4},"end":{"line":415,"column":5}},{"start":{},"end":{}}],"line":410},"29":{"loc":{"start":{"line":410,"column":8},"end":{"line":410,"column":57}},"type":"binary-expr","locations":[{"start":{"line":410,"column":8},"end":{"line":410,"column":25}},{"start":{"line":410,"column":29},"end":{"line":410,"column":57}}],"line":410},"30":{"loc":{"start":{"line":418,"column":4},"end":{"line":423,"column":5}},"type":"if","locations":[{"start":{"line":418,"column":4},"end":{"line":423,"column":5}},{"start":{},"end":{}}],"line":418},"31":{"loc":{"start":{"line":418,"column":8},"end":{"line":418,"column":84}},"type":"binary-expr","locations":[{"start":{"line":418,"column":8},"end":{"line":418,"column":26}},{"start":{"line":418,"column":31},"end":{"line":418,"column":56}},{"start":{"line":418,"column":60},"end":{"line":418,"column":83}}],"line":418},"32":{"loc":{"start":{"line":426,"column":4},"end":{"line":431,"column":5}},"type":"if","locations":[{"start":{"line":426,"column":4},"end":{"line":431,"column":5}},{"start":{},"end":{}}],"line":426},"33":{"loc":{"start":{"line":426,"column":8},"end":{"line":426,"column":83}},"type":"binary-expr","locations":[{"start":{"line":426,"column":8},"end":{"line":426,"column":26}},{"start":{"line":426,"column":31},"end":{"line":426,"column":56}},{"start":{"line":426,"column":60},"end":{"line":426,"column":82}}],"line":426},"34":{"loc":{"start":{"line":434,"column":4},"end":{"line":439,"column":5}},"type":"if","locations":[{"start":{"line":434,"column":4},"end":{"line":439,"column":5}},{"start":{},"end":{}}],"line":434},"35":{"loc":{"start":{"line":434,"column":8},"end":{"line":434,"column":114}},"type":"binary-expr","locations":[{"start":{"line":434,"column":8},"end":{"line":434,"column":23}},{"start":{"line":434,"column":27},"end":{"line":434,"column":114}}],"line":434},"36":{"loc":{"start":{"line":451,"column":4},"end":{"line":456,"column":5}},"type":"if","locations":[{"start":{"line":451,"column":4},"end":{"line":456,"column":5}},{"start":{},"end":{}}],"line":451},"37":{"loc":{"start":{"line":462,"column":4},"end":{"line":468,"column":5}},"type":"if","locations":[{"start":{"line":462,"column":4},"end":{"line":468,"column":5}},{"start":{},"end":{}}],"line":462},"38":{"loc":{"start":{"line":470,"column":4},"end":{"line":478,"column":5}},"type":"if","locations":[{"start":{"line":470,"column":4},"end":{"line":478,"column":5}},{"start":{},"end":{}}],"line":470},"39":{"loc":{"start":{"line":513,"column":4},"end":{"line":518,"column":5}},"type":"if","locations":[{"start":{"line":513,"column":4},"end":{"line":518,"column":5}},{"start":{},"end":{}}],"line":513},"40":{"loc":{"start":{"line":521,"column":4},"end":{"line":526,"column":5}},"type":"if","locations":[{"start":{"line":521,"column":4},"end":{"line":526,"column":5}},{"start":{},"end":{}}],"line":521}},"s":{"0":1,"1":1,"2":1,"3":1,"4":1,"5":0,"6":0,"7":0,"8":0,"9":0,"10":0,"11":0,"12":0,"13":0,"14":0,"15":1,"16":0,"17":0,"18":0,"19":0,"20":0,"21":0,"22":0,"23":0,"24":0,"25":1,"26":0,"27":0,"28":0,"29":0,"30":0,"31":0,"32":0,"33":0,"34":0,"35":0,"36":0,"37":0,"38":0,"39":0,"40":0,"41":0,"42":0,"43":0,"44":0,"45":0,"46":0,"47":0,"48":0,"49":0,"50":0,"51":0,"52":0,"53":0,"54":0,"55":0,"56":0,"57":0,"58":0,"59":0,"60":0,"61":0,"62":1,"63":0,"64":0,"65":0,"66":0,"67":0,"68":0,"69":0,"70":0,"71":0,"72":0,"73":0,"74":0,"75":0,"76":0,"77":0,"78":0,"79":0,"80":0,"81":0,"82":0,"83":0,"84":0,"85":0,"86":0,"87":0,"88":0,"89":0,"90":0,"91":0,"92":0,"93":0,"94":0,"95":0,"96":0,"97":0,"98":0,"99":1,"100":0,"101":0,"102":0,"103":0,"104":0,"105":0,"106":0,"107":0,"108":0,"109":1},"f":{"0":0,"1":0,"2":0,"3":0,"4":0,"5":0,"6":0,"7":0},"b":{"0":[0,0],"1":[0,0],"2":[0,0],"3":[0,0],"4":[0,0],"5":[0,0],"6":[0,0],"7":[0,0],"8":[0,0],"9":[0,0],"10":[0,0],"11":[0,0],"12":[0,0],"13":[0,0,0],"14":[0,0],"15":[0,0],"16":[0,0],"17":[0,0],"18":[0,0],"19":[0,0],"20":[0,0],"21":[0,0],"22":[0,0],"23":[0,0],"24":[0,0],"25":[0,0],"26":[0,0],"27":[0,0],"28":[0,0],"29":[0,0],"30":[0,0],"31":[0,0,0],"32":[0,0],"33":[0,0,0],"34":[0,0],"35":[0,0],"36":[0,0],"37":[0,0],"38":[0,0],"39":[0,0],"40":[0,0]},"_coverageSchema":"1a1c01bbd47fc00a2c39e90264f33305004495a9","hash":"cf29ccb589578123592114fedb719297d45f78b5"}
,"C:\\Users\\oseim\\OneDrive\\Documents\\BYUCLONE\\plastic-manufacturing-api\\routes\\qualityChecks.js": {"path":"C:\\Users\\oseim\\OneDrive\\Documents\\BYUCLONE\\plastic-manufacturing-api\\routes\\qualityChecks.js","statementMap":{"0":{"start":{"line":1,"column":16},"end":{"line":1,"column":34}},"1":{"start":{"line":2,"column":15},"end":{"line":2,"column":31}},"2":{"start":{"line":11,"column":4},"end":{"line":11,"column":43}},"3":{"start":{"line":14,"column":0},"end":{"line":14,"column":37}},"4":{"start":{"line":17,"column":0},"end":{"line":17,"column":46}},"5":{"start":{"line":20,"column":0},"end":{"line":20,"column":56}},"6":{"start":{"line":23,"column":0},"end":{"line":23,"column":40}},"7":{"start":{"line":26,"column":0},"end":{"line":26,"column":37}},"8":{"start":{"line":29,"column":0},"end":{"line":29,"column":39}},"9":{"start":{"line":32,"column":0},"end":{"line":32,"column":42}},"10":{"start":{"line":34,"column":0},"end":{"line":34,"column":24}}},"fnMap":{},"branchMap":{},"s":{"0":1,"1":1,"2":1,"3":1,"4":1,"5":1,"6":1,"7":1,"8":1,"9":1,"10":1},"f":{},"b":{},"_coverageSchema":"1a1c01bbd47fc00a2c39e90264f33305004495a9","hash":"ea16c1380bfca8cbc9cf26f15c39395caf18644b"}
}
