TN:
SF:controllers\employees.js
FN:4,(anonymous_0)
FN:17,(anonymous_1)
FN:34,(anonymous_2)
FN:61,(anonymous_3)
FN:97,(anonymous_4)
FN:116,(anonymous_5)
FN:131,(anonymous_6)
FNF:7
FNH:0
FNDA:0,(anonymous_0)
FNDA:0,(anonymous_1)
FNDA:0,(anonymous_2)
FNDA:0,(anonymous_3)
FNDA:0,(anonymous_4)
FNDA:0,(anonymous_5)
FNDA:0,(anonymous_6)
DA:1,0
DA:4,0
DA:5,0
DA:6,0
DA:9,0
DA:11,0
DA:12,0
DA:17,0
DA:18,0
DA:19,0
DA:22,0
DA:23,0
DA:26,0
DA:28,0
DA:29,0
DA:34,0
DA:35,0
DA:36,0
DA:37,0
DA:38,0
DA:40,0
DA:42,0
DA:43,0
DA:49,0
DA:50,0
DA:56,0
DA:61,0
DA:62,0
DA:63,0
DA:64,0
DA:70,0
DA:71,0
DA:74,0
DA:76,0
DA:78,0
DA:79,0
DA:85,0
DA:86,0
DA:92,0
DA:97,0
DA:98,0
DA:99,0
DA:101,0
DA:102,0
DA:105,0
DA:110,0
DA:111,0
DA:116,0
DA:117,0
DA:118,0
DA:119,0
DA:123,0
DA:125,0
DA:126,0
DA:131,0
DA:132,0
DA:133,0
DA:137,0
DA:139,0
DA:140,0
DA:144,0
LF:61
LH:0
BRDA:22,0,0,0
BRDA:22,0,1,0
BRDA:42,1,0,0
BRDA:42,1,1,0
BRDA:49,2,0,0
BRDA:49,2,1,0
BRDA:70,3,0,0
BRDA:70,3,1,0
BRDA:78,4,0,0
BRDA:78,4,1,0
BRDA:85,5,0,0
BRDA:85,5,1,0
BRDA:101,6,0,0
BRDA:101,6,1,0
BRF:14
BRH:0
end_of_record
TN:
SF:controllers\qualityChecks.js
FN:7,(anonymous_0)
FN:35,(anonymous_1)
FN:54,(anonymous_2)
FN:107,(anonymous_3)
FN:169,(anonymous_4)
FN:188,(anonymous_5)
FN:205,(anonymous_6)
FNF:7
FNH:0
FNDA:0,(anonymous_0)
FNDA:0,(anonymous_1)
FNDA:0,(anonymous_2)
FNDA:0,(anonymous_3)
FNDA:0,(anonymous_4)
FNDA:0,(anonymous_5)
FNDA:0,(anonymous_6)
DA:1,1
DA:2,1
DA:3,1
DA:4,1
DA:7,1
DA:8,0
DA:9,0
DA:10,0
DA:12,0
DA:13,0
DA:14,0
DA:15,0
DA:18,0
DA:19,0
DA:21,0
DA:27,0
DA:29,0
DA:30,0
DA:35,1
DA:36,0
DA:37,0
DA:42,0
DA:43,0
DA:46,0
DA:48,0
DA:49,0
DA:54,1
DA:55,0
DA:57,0
DA:63,0
DA:64,0
DA:67,0
DA:68,0
DA:71,0
DA:72,0
DA:75,0
DA:76,0
DA:79,0
DA:84,0
DA:86,0
DA:88,0
DA:89,0
DA:95,0
DA:96,0
DA:102,0
DA:107,1
DA:108,0
DA:109,0
DA:112,0
DA:113,0
DA:114,0
DA:115,0
DA:119,0
DA:120,0
DA:121,0
DA:122,0
DA:126,0
DA:127,0
DA:128,0
DA:129,0
DA:133,0
DA:142,0
DA:143,0
DA:146,0
DA:148,0
DA:150,0
DA:151,0
DA:157,0
DA:158,0
DA:164,0
DA:169,1
DA:170,0
DA:171,0
DA:173,0
DA:174,0
DA:177,0
DA:182,0
DA:183,0
DA:188,1
DA:189,0
DA:190,0
DA:191,0
DA:197,0
DA:199,0
DA:200,0
DA:205,1
DA:206,0
DA:207,0
DA:208,0
DA:215,0
DA:217,0
DA:218,0
DA:222,1
LF:93
LH:12
BRDA:12,0,0,0
BRDA:12,0,1,0
BRDA:12,1,0,0
BRDA:12,1,1,0
BRDA:14,2,0,0
BRDA:14,2,1,0
BRDA:15,3,0,0
BRDA:15,3,1,0
BRDA:18,4,0,0
BRDA:18,4,1,0
BRDA:19,5,0,0
BRDA:19,5,1,0
BRDA:42,6,0,0
BRDA:42,6,1,0
BRDA:63,7,0,0
BRDA:63,7,1,0
BRDA:67,8,0,0
BRDA:67,8,1,0
BRDA:71,9,0,0
BRDA:71,9,1,0
BRDA:88,10,0,0
BRDA:88,10,1,0
BRDA:95,11,0,0
BRDA:95,11,1,0
BRDA:112,12,0,0
BRDA:112,12,1,0
BRDA:114,13,0,0
BRDA:114,13,1,0
BRDA:119,14,0,0
BRDA:119,14,1,0
BRDA:121,15,0,0
BRDA:121,15,1,0
BRDA:126,16,0,0
BRDA:126,16,1,0
BRDA:128,17,0,0
BRDA:128,17,1,0
BRDA:142,18,0,0
BRDA:142,18,1,0
BRDA:150,19,0,0
BRDA:150,19,1,0
BRDA:157,20,0,0
BRDA:157,20,1,0
BRDA:173,21,0,0
BRDA:173,21,1,0
BRDA:207,22,0,0
BRDA:207,22,1,0
BRF:46
BRH:0
end_of_record
TN:
SF:models\employee.js
FNF:0
FNH:0
DA:1,1
DA:3,1
DA:66,1
LF:3
LH:3
BRF:0
BRH:0
end_of_record
TN:
SF:models\machine.js
FNF:0
FNH:0
DA:1,1
DA:3,1
DA:27,1
LF:3
LH:3
BRF:0
BRH:0
end_of_record
TN:
SF:models\productionRun.js
FNF:0
FNH:0
DA:1,1
DA:3,1
DA:51,1
LF:3
LH:3
BRF:0
BRH:0
end_of_record
TN:
SF:models\qualityCheck.js
FNF:0
FNH:0
DA:1,1
DA:3,1
DA:71,1
LF:3
LH:3
BRF:0
BRH:0
end_of_record
TN:
SF:routes\auth.js
FN:33,(anonymous_0)
FN:61,(anonymous_1)
FN:92,(anonymous_2)
FN:110,(anonymous_3)
FN:111,(anonymous_4)
FN:134,(anonymous_5)
FNF:6
FNH:0
FNDA:0,(anonymous_0)
FNDA:0,(anonymous_1)
FNDA:0,(anonymous_2)
FNDA:0,(anonymous_3)
FNDA:0,(anonymous_4)
FNDA:0,(anonymous_5)
DA:1,1
DA:2,1
DA:3,1
DA:16,1
DA:31,1
DA:35,0
DA:61,1
DA:62,0
DA:63,0
DA:74,0
DA:92,1
DA:93,0
DA:110,1
DA:111,0
DA:112,0
DA:113,0
DA:115,0
DA:116,0
DA:134,1
DA:135,0
DA:146,1
LF:21
LH:10
BRDA:62,0,0,0
BRDA:62,0,1,0
BRDA:112,1,0,0
BRDA:112,1,1,0
BRDA:137,2,0,0
BRDA:137,2,1,0
BRF:6
BRH:0
end_of_record
TN:
SF:routes\employees.js
FN:72,(anonymous_0)
FN:112,(anonymous_1)
FN:164,(anonymous_2)
FN:235,(anonymous_3)
FN:282,(anonymous_4)
FN:374,(anonymous_5)
FN:411,(anonymous_6)
FNF:7
FNH:0
FNDA:0,(anonymous_0)
FNDA:0,(anonymous_1)
FNDA:0,(anonymous_2)
FNDA:0,(anonymous_3)
FNDA:0,(anonymous_4)
FNDA:0,(anonymous_5)
FNDA:0,(anonymous_6)
DA:1,1
DA:2,1
DA:3,1
DA:72,1
DA:73,0
DA:74,0
DA:75,0
DA:77,0
DA:78,0
DA:112,1
DA:113,0
DA:115,0
DA:116,0
DA:122,0
DA:123,0
DA:124,0
DA:130,0
DA:132,0
DA:133,0
DA:164,1
DA:165,0
DA:167,0
DA:169,0
DA:170,0
DA:178,0
DA:179,0
DA:180,0
DA:187,0
DA:188,0
DA:195,0
DA:196,0
DA:203,0
DA:204,0
DA:210,0
DA:211,0
DA:217,0
DA:218,0
DA:220,0
DA:222,0
DA:224,0
DA:225,0
DA:232,0
DA:233,0
DA:235,0
DA:242,0
DA:282,1
DA:283,0
DA:285,0
DA:286,0
DA:293,0
DA:294,0
DA:301,0
DA:302,0
DA:303,0
DA:304,0
DA:312,0
DA:313,0
DA:320,0
DA:321,0
DA:328,0
DA:329,0
DA:335,0
DA:336,0
DA:342,0
DA:352,0
DA:353,0
DA:359,0
DA:361,0
DA:363,0
DA:364,0
DA:371,0
DA:372,0
DA:374,0
DA:381,0
DA:411,1
DA:412,0
DA:414,0
DA:415,0
DA:421,0
DA:422,0
DA:423,0
DA:429,0
DA:438,0
DA:439,0
DA:446,1
LF:85
LH:9
BRDA:115,0,0,0
BRDA:115,0,1,0
BRDA:123,1,0,0
BRDA:123,1,1,0
BRDA:169,2,0,0
BRDA:169,2,1,0
BRDA:169,3,0,0
BRDA:169,3,1,0
BRDA:179,4,0,0
BRDA:179,4,1,0
BRDA:187,5,0,0
BRDA:187,5,1,0
BRDA:195,6,0,0
BRDA:195,6,1,0
BRDA:195,7,0,0
BRDA:195,7,1,0
BRDA:203,8,0,0
BRDA:203,8,1,0
BRDA:203,9,0,0
BRDA:203,9,1,0
BRDA:203,9,2,0
BRDA:210,10,0,0
BRDA:210,10,1,0
BRDA:210,11,0,0
BRDA:210,11,1,0
BRDA:210,11,2,0
BRDA:224,12,0,0
BRDA:224,12,1,0
BRDA:232,13,0,0
BRDA:232,13,1,0
BRDA:285,14,0,0
BRDA:285,14,1,0
BRDA:293,15,0,0
BRDA:293,15,1,0
BRDA:301,16,0,0
BRDA:301,16,1,0
BRDA:303,17,0,0
BRDA:303,17,1,0
BRDA:312,18,0,0
BRDA:312,18,1,0
BRDA:312,19,0,0
BRDA:312,19,1,0
BRDA:320,20,0,0
BRDA:320,20,1,0
BRDA:320,21,0,0
BRDA:320,21,1,0
BRDA:328,22,0,0
BRDA:328,22,1,0
BRDA:328,23,0,0
BRDA:328,23,1,0
BRDA:328,23,2,0
BRDA:335,24,0,0
BRDA:335,24,1,0
BRDA:335,25,0,0
BRDA:335,25,1,0
BRDA:335,25,2,0
BRDA:352,26,0,0
BRDA:352,26,1,0
BRDA:363,27,0,0
BRDA:363,27,1,0
BRDA:371,28,0,0
BRDA:371,28,1,0
BRDA:414,29,0,0
BRDA:414,29,1,0
BRDA:422,30,0,0
BRDA:422,30,1,0
BRF:66
BRH:0
end_of_record
TN:
SF:routes\machines.js
FN:52,(anonymous_0)
FN:86,(anonymous_1)
FN:122,(anonymous_2)
FN:166,(anonymous_3)
FN:203,(anonymous_4)
FNF:5
FNH:0
FNDA:0,(anonymous_0)
FNDA:0,(anonymous_1)
FNDA:0,(anonymous_2)
FNDA:0,(anonymous_3)
FNDA:0,(anonymous_4)
DA:1,1
DA:2,1
DA:3,1
DA:52,1
DA:53,0
DA:54,0
DA:55,0
DA:57,0
DA:86,1
DA:87,0
DA:88,0
DA:89,0
DA:90,0
DA:92,0
DA:94,0
DA:122,1
DA:123,0
DA:124,0
DA:125,0
DA:126,0
DA:128,0
DA:129,0
DA:131,0
DA:166,1
DA:167,0
DA:168,0
DA:173,0
DA:174,0
DA:176,0
DA:178,0
DA:203,1
DA:204,0
DA:205,0
DA:206,0
DA:207,0
DA:209,0
DA:211,0
DA:215,1
LF:38
LH:9
BRDA:89,0,0,0
BRDA:89,0,1,0
BRDA:128,1,0,0
BRDA:128,1,1,0
BRDA:173,2,0,0
BRDA:173,2,1,0
BRDA:206,3,0,0
BRDA:206,3,1,0
BRF:8
BRH:0
end_of_record
TN:
SF:routes\productionRuns.js
FN:102,(anonymous_0)
FN:152,(anonymous_1)
FN:206,(anonymous_2)
FN:212,(anonymous_3)
FN:306,(anonymous_4)
FN:353,(anonymous_5)
FN:473,(anonymous_6)
FN:510,(anonymous_7)
FNF:8
FNH:0
FNDA:0,(anonymous_0)
FNDA:0,(anonymous_1)
FNDA:0,(anonymous_2)
FNDA:0,(anonymous_3)
FNDA:0,(anonymous_4)
FNDA:0,(anonymous_5)
FNDA:0,(anonymous_6)
FNDA:0,(anonymous_7)
DA:1,1
DA:2,1
DA:3,1
DA:4,1
DA:102,1
DA:103,0
DA:104,0
DA:106,0
DA:107,0
DA:110,0
DA:111,0
DA:114,0
DA:115,0
DA:117,0
DA:118,0
DA:152,1
DA:153,0
DA:155,0
DA:156,0
DA:162,0
DA:163,0
DA:164,0
DA:170,0
DA:172,0
DA:173,0
DA:206,1
DA:207,0
DA:209,0
DA:211,0
DA:212,0
DA:214,0
DA:215,0
DA:223,0
DA:224,0
DA:225,0
DA:232,0
DA:233,0
DA:234,0
DA:241,0
DA:242,0
DA:248,0
DA:249,0
DA:256,0
DA:257,0
DA:264,0
DA:265,0
DA:272,0
DA:273,0
DA:280,0
DA:281,0
DA:287,0
DA:288,0
DA:289,0
DA:291,0
DA:293,0
DA:295,0
DA:296,0
DA:303,0
DA:304,0
DA:306,0
DA:313,0
DA:353,1
DA:354,0
DA:356,0
DA:357,0
DA:364,0
DA:365,0
DA:372,0
DA:373,0
DA:374,0
DA:375,0
DA:383,0
DA:384,0
DA:385,0
DA:386,0
DA:394,0
DA:395,0
DA:402,0
DA:403,0
DA:410,0
DA:411,0
DA:418,0
DA:419,0
DA:426,0
DA:427,0
DA:434,0
DA:435,0
DA:441,0
DA:451,0
DA:452,0
DA:458,0
DA:460,0
DA:462,0
DA:463,0
DA:470,0
DA:471,0
DA:473,0
DA:480,0
DA:510,1
DA:511,0
DA:513,0
DA:514,0
DA:520,0
DA:521,0
DA:522,0
DA:528,0
DA:538,0
DA:539,0
DA:546,1
LF:109
LH:10
BRDA:106,0,0,0
BRDA:106,0,1,0
BRDA:110,1,0,0
BRDA:110,1,1,0
BRDA:155,2,0,0
BRDA:155,2,1,0
BRDA:163,3,0,0
BRDA:163,3,1,0
BRDA:214,4,0,0
BRDA:214,4,1,0
BRDA:224,5,0,0
BRDA:224,5,1,0
BRDA:233,6,0,0
BRDA:233,6,1,0
BRDA:241,7,0,0
BRDA:241,7,1,0
BRDA:248,8,0,0
BRDA:248,8,1,0
BRDA:256,9,0,0
BRDA:256,9,1,0
BRDA:264,10,0,0
BRDA:264,10,1,0
BRDA:264,11,0,0
BRDA:264,11,1,0
BRDA:272,12,0,0
BRDA:272,12,1,0
BRDA:272,13,0,0
BRDA:272,13,1,0
BRDA:272,13,2,0
BRDA:280,14,0,0
BRDA:280,14,1,0
BRDA:280,15,0,0
BRDA:280,15,1,0
BRDA:295,16,0,0
BRDA:295,16,1,0
BRDA:303,17,0,0
BRDA:303,17,1,0
BRDA:356,18,0,0
BRDA:356,18,1,0
BRDA:364,19,0,0
BRDA:364,19,1,0
BRDA:372,20,0,0
BRDA:372,20,1,0
BRDA:374,21,0,0
BRDA:374,21,1,0
BRDA:383,22,0,0
BRDA:383,22,1,0
BRDA:385,23,0,0
BRDA:385,23,1,0
BRDA:394,24,0,0
BRDA:394,24,1,0
BRDA:394,25,0,0
BRDA:394,25,1,0
BRDA:402,26,0,0
BRDA:402,26,1,0
BRDA:402,27,0,0
BRDA:402,27,1,0
BRDA:410,28,0,0
BRDA:410,28,1,0
BRDA:410,29,0,0
BRDA:410,29,1,0
BRDA:418,30,0,0
BRDA:418,30,1,0
BRDA:418,31,0,0
BRDA:418,31,1,0
BRDA:418,31,2,0
BRDA:426,32,0,0
BRDA:426,32,1,0
BRDA:426,33,0,0
BRDA:426,33,1,0
BRDA:426,33,2,0
BRDA:434,34,0,0
BRDA:434,34,1,0
BRDA:434,35,0,0
BRDA:434,35,1,0
BRDA:451,36,0,0
BRDA:451,36,1,0
BRDA:462,37,0,0
BRDA:462,37,1,0
BRDA:470,38,0,0
BRDA:470,38,1,0
BRDA:513,39,0,0
BRDA:513,39,1,0
BRDA:521,40,0,0
BRDA:521,40,1,0
BRF:85
BRH:0
end_of_record
TN:
SF:routes\qualityChecks.js
FNF:0
FNH:0
DA:1,1
DA:2,1
DA:11,1
DA:14,1
DA:17,1
DA:20,1
DA:23,1
DA:26,1
DA:29,1
DA:32,1
DA:34,1
LF:11
LH:11
BRF:0
BRH:0
end_of_record
